#
# A fatal error has been detected by the Java Runtime Environment:
#
#  EXCEPTION_ACCESS_VIOLATION (0xc0000005) at pc=0x00007fff6c7b02ae, pid=16252, tid=12732
#
# JRE version: Java(TM) SE Runtime Environment (15.0.1+9) (build 15.0.1+9-18)
# Java VM: Java HotSpot(TM) 64-Bit Server VM (15.0.1+9-18, mixed mode, sharing, tiered, compressed oops, g1 gc, windows-amd64)
# Problematic frame:
# C  [awt.dll+0x902ae]
#
# No core dump will be written. Minidumps are not enabled by default on client versions of Windows
#
# If you would like to submit a bug report, please visit:
#   https://bugreport.java.com/bugreport/crash.jsp
# The crash happened outside the Java Virtual Machine in native code.
# See problematic frame for where to report the bug.
#

---------------  S U M M A R Y ------------

Command Line: -Dfile.encoding=UTF-8 lombok.launch.Main

Host: Intel(R) Core(TM) i7-8565U CPU @ 1.80GHz, 8 cores, 15G,  Windows 10 , 64 bit Build 18362 (10.0.18362.1110)
Time: Thu Nov 19 15:22:02 2020 ???? (?W?€??) elapsed time: 1.206650 seconds (0d 0h 0m 1s)

---------------  T H R E A D  ---------------

Current thread (0x0000023928e9c4f0):  JavaThread "AWT-EventQueue-0" [_thread_in_native, id=12732, stack(0x000000a0e4800000,0x000000a0e4900000)]

Stack: [0x000000a0e4800000,0x000000a0e4900000],  sp=0x000000a0e48fe730,  free space=1017k
Native frames: (J=compiled Java code, j=interpreted, Vv=VM code, C=native code)
C  [awt.dll+0x902ae]

Java frames: (J=compiled Java code, j=interpreted, Vv=VM code)
j  sun.awt.windows.WComponentPeer._setFont(Ljava/awt/Font;)V+0 java.desktop@15.0.1
j  sun.awt.windows.WComponentPeer.setFont(Ljava/awt/Font;)V+7 java.desktop@15.0.1
j  sun.awt.windows.WWindowPeer.initialize()V+42 java.desktop@15.0.1
j  sun.awt.windows.WFramePeer.initialize()V+1 java.desktop@15.0.1
j  sun.awt.windows.WComponentPeer.<init>(Ljava/awt/Component;)V+83 java.desktop@15.0.1
j  sun.awt.windows.WCanvasPeer.<init>(Ljava/awt/Component;)V+2 java.desktop@15.0.1
j  sun.awt.windows.WPanelPeer.<init>(Ljava/awt/Component;)V+2 java.desktop@15.0.1
j  sun.awt.windows.WWindowPeer.<init>(Ljava/awt/Window;)V+2 java.desktop@15.0.1
j  sun.awt.windows.WFramePeer.<init>(Ljava/awt/Frame;)V+2 java.desktop@15.0.1
j  sun.awt.windows.WToolkit.createFrame(Ljava/awt/Frame;)Ljava/awt/peer/FramePeer;+5 java.desktop@15.0.1
j  java.awt.Frame.addNotify()V+20 java.desktop@15.0.1
j  java.awt.Window.pack()V+28 java.desktop@15.0.1
j  lombok.installer.InstallerGUI.<init>()V+176
j  lombok.installer.Installer$1.run()V+14
j  java.awt.event.InvocationEvent.dispatch()V+47 java.desktop@15.0.1
j  java.awt.EventQueue.dispatchEventImpl(Ljava/awt/AWTEvent;Ljava/lang/Object;)V+21 java.desktop@15.0.1
j  java.awt.EventQueue$4.run()Ljava/lang/Void;+32 java.desktop@15.0.1
j  java.awt.EventQueue$4.run()Ljava/lang/Object;+1 java.desktop@15.0.1
j  java.security.AccessController.executePrivileged(Ljava/security/PrivilegedAction;Ljava/security/AccessControlContext;Ljava/lang/Class;)Ljava/lang/Object;+29 java.base@15.0.1
j  java.security.AccessController.doPrivileged(Ljava/security/PrivilegedAction;Ljava/security/AccessControlContext;)Ljava/lang/Object;+13 java.base@15.0.1
j  java.security.ProtectionDomain$JavaSecurityAccessImpl.doIntersectionPrivilege(Ljava/security/PrivilegedAction;Ljava/security/AccessControlContext;Ljava/security/AccessControlContext;)Ljava/lang/Object;+18 java.base@15.0.1
j  java.awt.EventQueue.dispatchEvent(Ljava/awt/AWTEvent;)V+46 java.desktop@15.0.1
j  java.awt.EventDispatchThread.pumpOneEventForFilters(I)V+78 java.desktop@15.0.1
j  java.awt.EventDispatchThread.pumpEventsForFilter(ILjava/awt/Conditional;Ljava/awt/EventFilter;)V+35 java.desktop@15.0.1
j  java.awt.EventDispatchThread.pumpEventsForHierarchy(ILjava/awt/Conditional;Ljava/awt/Component;)V+11 java.desktop@15.0.1
j  java.awt.EventDispatchThread.pumpEvents(ILjava/awt/Conditional;)V+4 java.desktop@15.0.1
j  java.awt.EventDispatchThread.pumpEvents(Ljava/awt/Conditional;)V+3 java.desktop@15.0.1
j  java.awt.EventDispatchThread.run()V+9 java.desktop@15.0.1
v  ~StubRoutines::call_stub

siginfo: EXCEPTION_ACCESS_VIOLATION (0xc0000005), reading address 0x0000000000000058


Register to memory mapping:

RIP=0x00007fff6c7b02ae awt.dll
RAX=0x00007fff6c8217f0 awt.dll
RBX=0x0000023928e9c818 points into unknown readable memory: 0x00007fff31adde40 | 40 de ad 31 ff 7f 00 00
RCX=0x000002392a76c6a0 points into unknown readable memory: 0x00007fff6c8217f0 | f0 17 82 6c ff 7f 00 00
RDX=0x0 is NULL
RSP=0x000000a0e48fe730 is pointing into the stack for thread: 0x0000023928e9c4f0
RBP=0x0 is NULL
RSI=0x000002392a47b6e0 is a global jni handle
RDI=0x000002392a47b6e8 is a global jni handle
R8 =0x0000000000000042 is an unknown value
R9 =0x0000000800b83bb0 is a pointer to class: 
java.awt.Font {0x0000000800b83bb8}
R10=0x0000000000008000 is an unknown value
R11=0x000000a0e48fe730 is pointing into the stack for thread: 0x0000023928e9c4f0
R12=0x0 is NULL
R13={method} {0x0000023928771a70} '_setFont' '(Ljava/awt/Font;)V' in 'sun/awt/windows/WComponentPeer'
R14=0x000002392a76c6a0 points into unknown readable memory: 0x00007fff6c8217f0 | f0 17 82 6c ff 7f 00 00
R15=0x000002392abe22b0 points into unknown readable memory: 0x000002392a47b6e0 | e0 b6 47 2a 39 02 00 00


Registers:
RAX=0x00007fff6c8217f0, RBX=0x0000023928e9c818, RCX=0x000002392a76c6a0, RDX=0x0000000000000000
RSP=0x000000a0e48fe730, RBP=0x0000000000000000, RSI=0x000002392a47b6e0, RDI=0x000002392a47b6e8
R8 =0x0000000000000042, R9 =0x0000000800b83bb0, R10=0x0000000000008000, R11=0x000000a0e48fe730
R12=0x0000000000000000, R13=0x0000023928771a68, R14=0x000002392a76c6a0, R15=0x000002392abe22b0
RIP=0x00007fff6c7b02ae, EFLAGS=0x0000000000010206

Top of Stack: (sp=0x000000a0e48fe730)
0x000000a0e48fe730:   000002392abe22b0 000002392a76c6a0
0x000000a0e48fe740:   000002392a76c6a0 000002392a47b6e8
0x000000a0e48fe750:   000002392a47b6e8 00007fff6c7b5175
0x000000a0e48fe760:   0000023928e9c818 0000023928e9c818
0x000000a0e48fe770:   0000000000000000 000002392a47b6e0
0x000000a0e48fe780:   0000023928e9c4f0 000000a0e48fe8b8
0x000000a0e48fe790:   000002392abe22b0 00007fff6c7ed191
0x000000a0e48fe7a0:   00007fff6c858ff8 000000a0e48fe890
0x000000a0e48fe7b0:   00007fff6c7b5048 0000023928e9c4f0
0x000000a0e48fe7c0:   000002392a47b6e0 00007fff6c7b630e
0x000000a0e48fe7d0:   000002392a47b6e8 000000a0e48fe8b0
0x000000a0e48fe7e0:   000000a0e48fe8b0 00007fff6c858ff8
0x000000a0e48fe7f0:   0000000000000180 000002390d18fd2c
0x000000a0e48fe800:   0000023928771a68 000002392b622020
0x000000a0e48fe810:   0000000000000180 000002390d18f912
0x000000a0e48fe820:   0000023928771a68 000002392b622020 

Instructions: (pc=0x00007fff6c7b02ae)
0x00007fff6c7b01ae:   00 48 8b d9 e8 9d dc ff ff 48 8b f8 48 85 c0 75
0x00007fff6c7b01be:   04 48 8b 7b 48 48 8b cf e8 3f 04 05 00 48 8b d8
0x00007fff6c7b01ce:   48 85 c0 74 60 83 64 24 20 00 0f 57 c0 83 64 24
0x00007fff6c7b01de:   34 00 b9 11 00 00 00 83 64 24 38 00 f3 0f 7f 44
0x00007fff6c7b01ee:   24 24 ff 15 12 51 0a 00 4c 8d 44 24 40 ba 5c 00
0x00007fff6c7b01fe:   00 00 48 8b c8 ff 15 b7 53 0a 00 83 f8 5c 75 0d
0x00007fff6c7b020e:   48 8d 54 24 40 48 8b cb e8 9e 04 05 00 48 8d 54
0x00007fff6c7b021e:   24 20 48 8b cb e8 b5 04 05 00 48 8b d3 48 8b cf
0x00007fff6c7b022e:   e8 62 04 05 00 48 8b 8c 24 a0 00 00 00 48 33 cc
0x00007fff6c7b023e:   e8 ad 11 05 00 48 8b 9c 24 c8 00 00 00 48 81 c4
0x00007fff6c7b024e:   b0 00 00 00 5f c3 40 53 48 83 ec 20 48 8b d9 ff
0x00007fff6c7b025e:   15 f5 58 0a 00 48 85 c0 75 0a 48 8b 4b 48 ff 15
0x00007fff6c7b026e:   de 58 0a 00 48 83 c4 20 5b c3 4c 63 c2 48 8b 15
0x00007fff6c7b027e:   c6 3c 0a 00 48 ff 25 6f 57 0a 00 cc cc cc 48 8b
0x00007fff6c7b028e:   d1 48 8b 0d 9a 6c 0a 00 48 89 15 93 6c 0a 00 e9
0x00007fff6c7b029e:   8a 51 04 00 cc cc 48 89 5c 24 08 57 48 83 ec 20
0x00007fff6c7b02ae:   83 7a 58 00 48 8b da 48 8b f9 7d 08 48 8b ca e8
0x00007fff6c7b02be:   f2 8b 01 00 4c 8b 43 48 45 33 c9 48 8b 4f 48 4d
0x00007fff6c7b02ce:   8b 00 41 8d 51 30 ff 15 e6 59 0a 00 48 8b 4f 48
0x00007fff6c7b02de:   33 d2 44 8d 42 01 48 8b 5c 24 30 48 83 c4 20 5f
0x00007fff6c7b02ee:   48 ff 25 83 58 0a 00 cc cc cc 48 8b c4 48 89 58
0x00007fff6c7b02fe:   08 48 89 68 10 48 89 70 18 48 89 78 20 41 56 48
0x00007fff6c7b030e:   83 ec 20 4c 8b f2 48 8b f9 48 8b 0d da 8a 0a 00
0x00007fff6c7b031e:   ba 02 00 01 00 41 8b e8 e8 c8 0f 05 00 48 8b 97
0x00007fff6c7b032e:   c0 00 00 00 33 db 48 8b f0 48 85 d2 74 0d 4c 8b
0x00007fff6c7b033e:   08 48 8b c8 41 ff 91 b0 00 00 00 4d 85 f6 74 14
0x00007fff6c7b034e:   48 8b 06 49 8b d6 48 8b ce ff 90 a8 00 00 00 48
0x00007fff6c7b035e:   8b d8 eb 05 bd 01 00 00 00 48 89 9f c0 00 00 00
0x00007fff6c7b036e:   89 af c8 00 00 00 48 8b 5c 24 30 48 8b 6c 24 38
0x00007fff6c7b037e:   48 8b 74 24 40 48 8b 7c 24 48 48 83 c4 20 41 5e
0x00007fff6c7b038e:   c3 cc 48 89 5c 24 08 48 89 6c 24 10 48 89 74 24
0x00007fff6c7b039e:   18 57 48 83 ec 20 33 db 48 8b f9 48 85 c9 75 09 


Stack slot to memory mapping:
stack at sp + 0 slots: 0x000002392abe22b0 points into unknown readable memory: 0x000002392a47b6e0 | e0 b6 47 2a 39 02 00 00
stack at sp + 1 slots: 0x000002392a76c6a0 points into unknown readable memory: 0x00007fff6c8217f0 | f0 17 82 6c ff 7f 00 00
stack at sp + 2 slots: 0x000002392a76c6a0 points into unknown readable memory: 0x00007fff6c8217f0 | f0 17 82 6c ff 7f 00 00
stack at sp + 3 slots: 0x000002392a47b6e8 is a global jni handle
stack at sp + 4 slots: 0x000002392a47b6e8 is a global jni handle
stack at sp + 5 slots: 0x00007fff6c7b5175 awt.dll
stack at sp + 6 slots: 0x0000023928e9c818 points into unknown readable memory: 0x00007fff31adde40 | 40 de ad 31 ff 7f 00 00
stack at sp + 7 slots: 0x0000023928e9c818 points into unknown readable memory: 0x00007fff31adde40 | 40 de ad 31 ff 7f 00 00


---------------  P R O C E S S  ---------------

Threads class SMR info:
_java_thread_list=0x000002392ad11680, length=20, elements={
0x0000023904f5ea50, 0x0000023928d3df20, 0x0000023928d3eaf0, 0x0000023928d59560,
0x0000023928d5be30, 0x0000023928d5d8f0, 0x0000023928d5e780, 0x0000023928d62820,
0x0000023928d6d330, 0x0000023928e9b1b0, 0x0000023928e9b680, 0x0000023928e9bb50,
0x0000023928e9eb70, 0x0000023928e9c020, 0x0000023928e9c4f0, 0x0000023929572f30,
0x0000023929876180, 0x0000023928e9d360, 0x0000023928e9d830, 0x0000023928e9e1d0
}

Java Threads: ( => current thread )
  0x0000023904f5ea50 JavaThread "main" [_thread_blocked, id=23204, stack(0x000000a0e3300000,0x000000a0e3400000)]
  0x0000023928d3df20 JavaThread "Reference Handler" daemon [_thread_blocked, id=24176, stack(0x000000a0e3a00000,0x000000a0e3b00000)]
  0x0000023928d3eaf0 JavaThread "Finalizer" daemon [_thread_blocked, id=24140, stack(0x000000a0e3b00000,0x000000a0e3c00000)]
  0x0000023928d59560 JavaThread "Signal Dispatcher" daemon [_thread_blocked, id=16652, stack(0x000000a0e3c00000,0x000000a0e3d00000)]
  0x0000023928d5be30 JavaThread "Attach Listener" daemon [_thread_blocked, id=22908, stack(0x000000a0e3d00000,0x000000a0e3e00000)]
  0x0000023928d5d8f0 JavaThread "Service Thread" daemon [_thread_blocked, id=15584, stack(0x000000a0e3e00000,0x000000a0e3f00000)]
  0x0000023928d5e780 JavaThread "C2 CompilerThread0" daemon [_thread_in_native, id=16756, stack(0x000000a0e3f00000,0x000000a0e4000000)]
  0x0000023928d62820 JavaThread "C1 CompilerThread0" daemon [_thread_blocked, id=16080, stack(0x000000a0e4000000,0x000000a0e4100000)]
  0x0000023928d6d330 JavaThread "Sweeper thread" daemon [_thread_blocked, id=14676, stack(0x000000a0e4100000,0x000000a0e4200000)]
  0x0000023928e9b1b0 JavaThread "Notification Thread" daemon [_thread_blocked, id=24524, stack(0x000000a0e4200000,0x000000a0e4300000)]
  0x0000023928e9b680 JavaThread "Common-Cleaner" daemon [_thread_blocked, id=13956, stack(0x000000a0e4400000,0x000000a0e4500000)]
  0x0000023928e9bb50 JavaThread "Java2D Disposer" daemon [_thread_blocked, id=24460, stack(0x000000a0e4500000,0x000000a0e4600000)]
  0x0000023928e9eb70 JavaThread "AWT-Shutdown" [_thread_blocked, id=24988, stack(0x000000a0e4600000,0x000000a0e4700000)]
  0x0000023928e9c020 JavaThread "AWT-Windows" daemon [_thread_in_native, id=24904, stack(0x000000a0e4700000,0x000000a0e4800000)]
=>0x0000023928e9c4f0 JavaThread "AWT-EventQueue-0" [_thread_in_native, id=12732, stack(0x000000a0e4800000,0x000000a0e4900000)]
  0x0000023929572f30 JavaThread "C2 CompilerThread1" daemon [_thread_in_native, id=22984, stack(0x000000a0e4900000,0x000000a0e4a00000)]
  0x0000023929876180 JavaThread "C2 CompilerThread2" daemon [_thread_in_native, id=25756, stack(0x000000a0e4a00000,0x000000a0e4b00000)]
  0x0000023928e9d360 JavaThread "Image Fetcher 3" daemon [_thread_blocked, id=24476, stack(0x000000a0e4b00000,0x000000a0e4c00000)]
  0x0000023928e9d830 JavaThread "Thread-0" [_thread_in_native, id=17644, stack(0x000000a0e4c00000,0x000000a0e4d00000)]
  0x0000023928e9e1d0 JavaThread "TimerQueue" daemon [_thread_blocked, id=20740, stack(0x000000a0e5600000,0x000000a0e5700000)]

Other Threads:
  0x0000023928d3a690 VMThread "VM Thread" [stack: 0x000000a0e3900000,0x000000a0e3a00000] [id=18852]
  0x0000023928ea2190 WatcherThread [stack: 0x000000a0e4300000,0x000000a0e4400000] [id=11900]
  0x0000023904faf750 GCTaskThread "GC Thread#0" [stack: 0x000000a0e3400000,0x000000a0e3500000] [id=16400]
  0x0000023929464fe0 GCTaskThread "GC Thread#1" [stack: 0x000000a0e4d00000,0x000000a0e4e00000] [id=6268]
  0x00000239294672f0 GCTaskThread "GC Thread#2" [stack: 0x000000a0e4e00000,0x000000a0e4f00000] [id=23780]
  0x0000023929467fb0 GCTaskThread "GC Thread#3" [stack: 0x000000a0e4f00000,0x000000a0e5000000] [id=25212]
  0x0000023929465fd0 GCTaskThread "GC Thread#4" [stack: 0x000000a0e5000000,0x000000a0e5100000] [id=14972]
  0x0000023929465310 GCTaskThread "GC Thread#5" [stack: 0x000000a0e5100000,0x000000a0e5200000] [id=18876]
  0x00000239294682e0 GCTaskThread "GC Thread#6" [stack: 0x000000a0e5200000,0x000000a0e5300000] [id=1040]
  0x0000023929465640 GCTaskThread "GC Thread#7" [stack: 0x000000a0e5300000,0x000000a0e5400000] [id=15240]
  0x0000023904fc0dd0 ConcurrentGCThread "G1 Main Marker" [stack: 0x000000a0e3500000,0x000000a0e3600000] [id=23608]
  0x0000023904fc1a40 ConcurrentGCThread "G1 Conc#0" [stack: 0x000000a0e3600000,0x000000a0e3700000] [id=22084]
  0x00000239283b40e0 ConcurrentGCThread "G1 Refine#0" [stack: 0x000000a0e3700000,0x000000a0e3800000] [id=23612]
  0x000002392acbbc70 ConcurrentGCThread "G1 Refine#1" [stack: 0x000000a0e5400000,0x000000a0e5500000] [id=23384]
  0x0000023929691220 ConcurrentGCThread "G1 Refine#2" [stack: 0x000000a0e5500000,0x000000a0e5600000] [id=10964]
  0x00000239050184d0 ConcurrentGCThread "G1 Young RemSet Sampling" [stack: 0x000000a0e3800000,0x000000a0e3900000] [id=8728]

Threads with active compile tasks:
C2 CompilerThread0     1257 1837       4       javax.swing.text.html.StyleSheet$ViewAttributeSet::getAttribute (61 bytes)
C2 CompilerThread1     1257 1887   !   4       sun.font.FontDesignMetrics::getMetrics (265 bytes)
C2 CompilerThread2     1257 1906       4       java.lang.StringUTF16::getChars (42 bytes)

VM state: not at safepoint (normal execution)

VM Mutex/Monitor currently owned by a thread: None

Heap address: 0x0000000703e00000, size: 4034 MB, Compressed Oops mode: Zero based, Oop shift amount: 3
CDS archive(s) mapped at: [0x0000000800000000-0x0000000800b50000-0x0000000800b50000), size 11862016, SharedBaseAddress: 0x0000000800000000, ArchiveRelocationMode: 0.
Compressed class space mapped at: 0x0000000800b50000-0x0000000840b50000, size: 1073741824
Narrow klass base: 0x0000000800000000, Narrow klass shift: 3, Narrow klass range: 0x100000000

GC Precious Log:
 CPUs: 8 total, 8 available
 Memory: 16131M
 Large Page Support: Disabled
 NUMA Support: Disabled
 Compressed Oops: Enabled (Zero based)
 Heap Region Size: 2M
 Heap Min Capacity: 8M
 Heap Initial Capacity: 254M
 Heap Max Capacity: 4034M
 Pre-touch: Disabled
 Parallel Workers: 8
 Concurrent Workers: 2
 Concurrent Refinement Workers: 8
 Periodic GC: Disabled

Heap:
 garbage-first heap   total 260096K, used 15439K [0x0000000703e00000, 0x0000000800000000)
  region size 2048K, 8 young (16384K), 2 survivors (4096K)
 Metaspace       used 11379K, capacity 11638K, committed 11904K, reserved 1060864K
  class space    used 1239K, capacity 1310K, committed 1408K, reserved 1048576K

Heap Regions: E=young(eden), S=young(survivor), O=old, HS=humongous(starts), HC=humongous(continues), CS=collection set, F=free, OA=open archive, CA=closed archive, TAMS=top-at-mark-start (previous, next)
|   0|0x0000000703e00000, 0x0000000704000000, 0x0000000704000000|100%| O|  |TAMS 0x0000000703e00000, 0x0000000703e00000| Untracked 
|   1|0x0000000704000000, 0x0000000704113e00, 0x0000000704200000| 53%| O|  |TAMS 0x0000000704000000, 0x0000000704000000| Untracked 
|   2|0x0000000704200000, 0x0000000704200000, 0x0000000704400000|  0%| F|  |TAMS 0x0000000704200000, 0x0000000704200000| Untracked 
|   3|0x0000000704400000, 0x0000000704400000, 0x0000000704600000|  0%| F|  |TAMS 0x0000000704400000, 0x0000000704400000| Untracked 
|   4|0x0000000704600000, 0x0000000704600000, 0x0000000704800000|  0%| F|  |TAMS 0x0000000704600000, 0x0000000704600000| Untracked 
|   5|0x0000000704800000, 0x0000000704800000, 0x0000000704a00000|  0%| F|  |TAMS 0x0000000704800000, 0x0000000704800000| Untracked 
|   6|0x0000000704a00000, 0x0000000704a00000, 0x0000000704c00000|  0%| F|  |TAMS 0x0000000704a00000, 0x0000000704a00000| Untracked 
|   7|0x0000000704c00000, 0x0000000704c00000, 0x0000000704e00000|  0%| F|  |TAMS 0x0000000704c00000, 0x0000000704c00000| Untracked 
|   8|0x0000000704e00000, 0x0000000704e00000, 0x0000000705000000|  0%| F|  |TAMS 0x0000000704e00000, 0x0000000704e00000| Untracked 
|   9|0x0000000705000000, 0x0000000705000000, 0x0000000705200000|  0%| F|  |TAMS 0x0000000705000000, 0x0000000705000000| Untracked 
|  10|0x0000000705200000, 0x0000000705200000, 0x0000000705400000|  0%| F|  |TAMS 0x0000000705200000, 0x0000000705200000| Untracked 
|  11|0x0000000705400000, 0x0000000705400000, 0x0000000705600000|  0%| F|  |TAMS 0x0000000705400000, 0x0000000705400000| Untracked 
|  12|0x0000000705600000, 0x0000000705600000, 0x0000000705800000|  0%| F|  |TAMS 0x0000000705600000, 0x0000000705600000| Untracked 
|  13|0x0000000705800000, 0x0000000705800000, 0x0000000705a00000|  0%| F|  |TAMS 0x0000000705800000, 0x0000000705800000| Untracked 
|  14|0x0000000705a00000, 0x0000000705a00000, 0x0000000705c00000|  0%| F|  |TAMS 0x0000000705a00000, 0x0000000705a00000| Untracked 
|  15|0x0000000705c00000, 0x0000000705c00000, 0x0000000705e00000|  0%| F|  |TAMS 0x0000000705c00000, 0x0000000705c00000| Untracked 
|  16|0x0000000705e00000, 0x0000000705e00000, 0x0000000706000000|  0%| F|  |TAMS 0x0000000705e00000, 0x0000000705e00000| Untracked 
|  17|0x0000000706000000, 0x0000000706000000, 0x0000000706200000|  0%| F|  |TAMS 0x0000000706000000, 0x0000000706000000| Untracked 
|  18|0x0000000706200000, 0x0000000706200000, 0x0000000706400000|  0%| F|  |TAMS 0x0000000706200000, 0x0000000706200000| Untracked 
|  19|0x0000000706400000, 0x0000000706400000, 0x0000000706600000|  0%| F|  |TAMS 0x0000000706400000, 0x0000000706400000| Untracked 
|  20|0x0000000706600000, 0x0000000706600000, 0x0000000706800000|  0%| F|  |TAMS 0x0000000706600000, 0x0000000706600000| Untracked 
|  21|0x0000000706800000, 0x0000000706800000, 0x0000000706a00000|  0%| F|  |TAMS 0x0000000706800000, 0x0000000706800000| Untracked 
|  22|0x0000000706a00000, 0x0000000706a00000, 0x0000000706c00000|  0%| F|  |TAMS 0x0000000706a00000, 0x0000000706a00000| Untracked 
|  23|0x0000000706c00000, 0x0000000706c00000, 0x0000000706e00000|  0%| F|  |TAMS 0x0000000706c00000, 0x0000000706c00000| Untracked 
|  24|0x0000000706e00000, 0x0000000706e00000, 0x0000000707000000|  0%| F|  |TAMS 0x0000000706e00000, 0x0000000706e00000| Untracked 
|  25|0x0000000707000000, 0x0000000707000000, 0x0000000707200000|  0%| F|  |TAMS 0x0000000707000000, 0x0000000707000000| Untracked 
|  26|0x0000000707200000, 0x0000000707200000, 0x0000000707400000|  0%| F|  |TAMS 0x0000000707200000, 0x0000000707200000| Untracked 
|  27|0x0000000707400000, 0x0000000707400000, 0x0000000707600000|  0%| F|  |TAMS 0x0000000707400000, 0x0000000707400000| Untracked 
|  28|0x0000000707600000, 0x0000000707600000, 0x0000000707800000|  0%| F|  |TAMS 0x0000000707600000, 0x0000000707600000| Untracked 
|  29|0x0000000707800000, 0x0000000707800000, 0x0000000707a00000|  0%| F|  |TAMS 0x0000000707800000, 0x0000000707800000| Untracked 
|  30|0x0000000707a00000, 0x0000000707a00000, 0x0000000707c00000|  0%| F|  |TAMS 0x0000000707a00000, 0x0000000707a00000| Untracked 
|  31|0x0000000707c00000, 0x0000000707c00000, 0x0000000707e00000|  0%| F|  |TAMS 0x0000000707c00000, 0x0000000707c00000| Untracked 
|  32|0x0000000707e00000, 0x0000000707e00000, 0x0000000708000000|  0%| F|  |TAMS 0x0000000707e00000, 0x0000000707e00000| Untracked 
|  33|0x0000000708000000, 0x0000000708000000, 0x0000000708200000|  0%| F|  |TAMS 0x0000000708000000, 0x0000000708000000| Untracked 
|  34|0x0000000708200000, 0x0000000708200000, 0x0000000708400000|  0%| F|  |TAMS 0x0000000708200000, 0x0000000708200000| Untracked 
|  35|0x0000000708400000, 0x0000000708400000, 0x0000000708600000|  0%| F|  |TAMS 0x0000000708400000, 0x0000000708400000| Untracked 
|  36|0x0000000708600000, 0x0000000708600000, 0x0000000708800000|  0%| F|  |TAMS 0x0000000708600000, 0x0000000708600000| Untracked 
|  37|0x0000000708800000, 0x0000000708800000, 0x0000000708a00000|  0%| F|  |TAMS 0x0000000708800000, 0x0000000708800000| Untracked 
|  38|0x0000000708a00000, 0x0000000708a00000, 0x0000000708c00000|  0%| F|  |TAMS 0x0000000708a00000, 0x0000000708a00000| Untracked 
|  39|0x0000000708c00000, 0x0000000708c00000, 0x0000000708e00000|  0%| F|  |TAMS 0x0000000708c00000, 0x0000000708c00000| Untracked 
|  40|0x0000000708e00000, 0x0000000708e00000, 0x0000000709000000|  0%| F|  |TAMS 0x0000000708e00000, 0x0000000708e00000| Untracked 
|  41|0x0000000709000000, 0x0000000709000000, 0x0000000709200000|  0%| F|  |TAMS 0x0000000709000000, 0x0000000709000000| Untracked 
|  42|0x0000000709200000, 0x0000000709200000, 0x0000000709400000|  0%| F|  |TAMS 0x0000000709200000, 0x0000000709200000| Untracked 
|  43|0x0000000709400000, 0x0000000709400000, 0x0000000709600000|  0%| F|  |TAMS 0x0000000709400000, 0x0000000709400000| Untracked 
|  44|0x0000000709600000, 0x0000000709600000, 0x0000000709800000|  0%| F|  |TAMS 0x0000000709600000, 0x0000000709600000| Untracked 
|  45|0x0000000709800000, 0x0000000709800000, 0x0000000709a00000|  0%| F|  |TAMS 0x0000000709800000, 0x0000000709800000| Untracked 
|  46|0x0000000709a00000, 0x0000000709a00000, 0x0000000709c00000|  0%| F|  |TAMS 0x0000000709a00000, 0x0000000709a00000| Untracked 
|  47|0x0000000709c00000, 0x0000000709c00000, 0x0000000709e00000|  0%| F|  |TAMS 0x0000000709c00000, 0x0000000709c00000| Untracked 
|  48|0x0000000709e00000, 0x0000000709e00000, 0x000000070a000000|  0%| F|  |TAMS 0x0000000709e00000, 0x0000000709e00000| Untracked 
|  49|0x000000070a000000, 0x000000070a000000, 0x000000070a200000|  0%| F|  |TAMS 0x000000070a000000, 0x000000070a000000| Untracked 
|  50|0x000000070a200000, 0x000000070a200000, 0x000000070a400000|  0%| F|  |TAMS 0x000000070a200000, 0x000000070a200000| Untracked 
|  51|0x000000070a400000, 0x000000070a400000, 0x000000070a600000|  0%| F|  |TAMS 0x000000070a400000, 0x000000070a400000| Untracked 
|  52|0x000000070a600000, 0x000000070a600000, 0x000000070a800000|  0%| F|  |TAMS 0x000000070a600000, 0x000000070a600000| Untracked 
|  53|0x000000070a800000, 0x000000070a800000, 0x000000070aa00000|  0%| F|  |TAMS 0x000000070a800000, 0x000000070a800000| Untracked 
|  54|0x000000070aa00000, 0x000000070aa00000, 0x000000070ac00000|  0%| F|  |TAMS 0x000000070aa00000, 0x000000070aa00000| Untracked 
|  55|0x000000070ac00000, 0x000000070ac00000, 0x000000070ae00000|  0%| F|  |TAMS 0x000000070ac00000, 0x000000070ac00000| Untracked 
|  56|0x000000070ae00000, 0x000000070ae00000, 0x000000070b000000|  0%| F|  |TAMS 0x000000070ae00000, 0x000000070ae00000| Untracked 
|  57|0x000000070b000000, 0x000000070b000000, 0x000000070b200000|  0%| F|  |TAMS 0x000000070b000000, 0x000000070b000000| Untracked 
|  58|0x000000070b200000, 0x000000070b200000, 0x000000070b400000|  0%| F|  |TAMS 0x000000070b200000, 0x000000070b200000| Untracked 
|  59|0x000000070b400000, 0x000000070b400000, 0x000000070b600000|  0%| F|  |TAMS 0x000000070b400000, 0x000000070b400000| Untracked 
|  60|0x000000070b600000, 0x000000070b600000, 0x000000070b800000|  0%| F|  |TAMS 0x000000070b600000, 0x000000070b600000| Untracked 
|  61|0x000000070b800000, 0x000000070b800000, 0x000000070ba00000|  0%| F|  |TAMS 0x000000070b800000, 0x000000070b800000| Untracked 
|  62|0x000000070ba00000, 0x000000070ba00000, 0x000000070bc00000|  0%| F|  |TAMS 0x000000070ba00000, 0x000000070ba00000| Untracked 
|  63|0x000000070bc00000, 0x000000070bc00000, 0x000000070be00000|  0%| F|  |TAMS 0x000000070bc00000, 0x000000070bc00000| Untracked 
|  64|0x000000070be00000, 0x000000070be00000, 0x000000070c000000|  0%| F|  |TAMS 0x000000070be00000, 0x000000070be00000| Untracked 
|  65|0x000000070c000000, 0x000000070c000000, 0x000000070c200000|  0%| F|  |TAMS 0x000000070c000000, 0x000000070c000000| Untracked 
|  66|0x000000070c200000, 0x000000070c200000, 0x000000070c400000|  0%| F|  |TAMS 0x000000070c200000, 0x000000070c200000| Untracked 
|  67|0x000000070c400000, 0x000000070c400000, 0x000000070c600000|  0%| F|  |TAMS 0x000000070c400000, 0x000000070c400000| Untracked 
|  68|0x000000070c600000, 0x000000070c600000, 0x000000070c800000|  0%| F|  |TAMS 0x000000070c600000, 0x000000070c600000| Untracked 
|  69|0x000000070c800000, 0x000000070c800000, 0x000000070ca00000|  0%| F|  |TAMS 0x000000070c800000, 0x000000070c800000| Untracked 
|  70|0x000000070ca00000, 0x000000070ca00000, 0x000000070cc00000|  0%| F|  |TAMS 0x000000070ca00000, 0x000000070ca00000| Untracked 
|  71|0x000000070cc00000, 0x000000070cc00000, 0x000000070ce00000|  0%| F|  |TAMS 0x000000070cc00000, 0x000000070cc00000| Untracked 
|  72|0x000000070ce00000, 0x000000070ce00000, 0x000000070d000000|  0%| F|  |TAMS 0x000000070ce00000, 0x000000070ce00000| Untracked 
|  73|0x000000070d000000, 0x000000070d000000, 0x000000070d200000|  0%| F|  |TAMS 0x000000070d000000, 0x000000070d000000| Untracked 
|  74|0x000000070d200000, 0x000000070d200000, 0x000000070d400000|  0%| F|  |TAMS 0x000000070d200000, 0x000000070d200000| Untracked 
|  75|0x000000070d400000, 0x000000070d400000, 0x000000070d600000|  0%| F|  |TAMS 0x000000070d400000, 0x000000070d400000| Untracked 
|  76|0x000000070d600000, 0x000000070d600000, 0x000000070d800000|  0%| F|  |TAMS 0x000000070d600000, 0x000000070d600000| Untracked 
|  77|0x000000070d800000, 0x000000070d800000, 0x000000070da00000|  0%| F|  |TAMS 0x000000070d800000, 0x000000070d800000| Untracked 
|  78|0x000000070da00000, 0x000000070da00000, 0x000000070dc00000|  0%| F|  |TAMS 0x000000070da00000, 0x000000070da00000| Untracked 
|  79|0x000000070dc00000, 0x000000070dc00000, 0x000000070de00000|  0%| F|  |TAMS 0x000000070dc00000, 0x000000070dc00000| Untracked 
|  80|0x000000070de00000, 0x000000070de00000, 0x000000070e000000|  0%| F|  |TAMS 0x000000070de00000, 0x000000070de00000| Untracked 
|  81|0x000000070e000000, 0x000000070e000000, 0x000000070e200000|  0%| F|  |TAMS 0x000000070e000000, 0x000000070e000000| Untracked 
|  82|0x000000070e200000, 0x000000070e200000, 0x000000070e400000|  0%| F|  |TAMS 0x000000070e200000, 0x000000070e200000| Untracked 
|  83|0x000000070e400000, 0x000000070e400000, 0x000000070e600000|  0%| F|  |TAMS 0x000000070e400000, 0x000000070e400000| Untracked 
|  84|0x000000070e600000, 0x000000070e600000, 0x000000070e800000|  0%| F|  |TAMS 0x000000070e600000, 0x000000070e600000| Untracked 
|  85|0x000000070e800000, 0x000000070e800000, 0x000000070ea00000|  0%| F|  |TAMS 0x000000070e800000, 0x000000070e800000| Untracked 
|  86|0x000000070ea00000, 0x000000070ea00000, 0x000000070ec00000|  0%| F|  |TAMS 0x000000070ea00000, 0x000000070ea00000| Untracked 
|  87|0x000000070ec00000, 0x000000070ec00000, 0x000000070ee00000|  0%| F|  |TAMS 0x000000070ec00000, 0x000000070ec00000| Untracked 
|  88|0x000000070ee00000, 0x000000070ee00000, 0x000000070f000000|  0%| F|  |TAMS 0x000000070ee00000, 0x000000070ee00000| Untracked 
|  89|0x000000070f000000, 0x000000070f000000, 0x000000070f200000|  0%| F|  |TAMS 0x000000070f000000, 0x000000070f000000| Untracked 
|  90|0x000000070f200000, 0x000000070f200000, 0x000000070f400000|  0%| F|  |TAMS 0x000000070f200000, 0x000000070f200000| Untracked 
|  91|0x000000070f400000, 0x000000070f400000, 0x000000070f600000|  0%| F|  |TAMS 0x000000070f400000, 0x000000070f400000| Untracked 
|  92|0x000000070f600000, 0x000000070f600000, 0x000000070f800000|  0%| F|  |TAMS 0x000000070f600000, 0x000000070f600000| Untracked 
|  93|0x000000070f800000, 0x000000070f800000, 0x000000070fa00000|  0%| F|  |TAMS 0x000000070f800000, 0x000000070f800000| Untracked 
|  94|0x000000070fa00000, 0x000000070fa00000, 0x000000070fc00000|  0%| F|  |TAMS 0x000000070fa00000, 0x000000070fa00000| Untracked 
|  95|0x000000070fc00000, 0x000000070fc00000, 0x000000070fe00000|  0%| F|  |TAMS 0x000000070fc00000, 0x000000070fc00000| Untracked 
|  96|0x000000070fe00000, 0x000000070fe00000, 0x0000000710000000|  0%| F|  |TAMS 0x000000070fe00000, 0x000000070fe00000| Untracked 
|  97|0x0000000710000000, 0x0000000710000000, 0x0000000710200000|  0%| F|  |TAMS 0x0000000710000000, 0x0000000710000000| Untracked 
|  98|0x0000000710200000, 0x0000000710200000, 0x0000000710400000|  0%| F|  |TAMS 0x0000000710200000, 0x0000000710200000| Untracked 
|  99|0x0000000710400000, 0x0000000710400000, 0x0000000710600000|  0%| F|  |TAMS 0x0000000710400000, 0x0000000710400000| Untracked 
| 100|0x0000000710600000, 0x0000000710600000, 0x0000000710800000|  0%| F|  |TAMS 0x0000000710600000, 0x0000000710600000| Untracked 
| 101|0x0000000710800000, 0x0000000710800000, 0x0000000710a00000|  0%| F|  |TAMS 0x0000000710800000, 0x0000000710800000| Untracked 
| 102|0x0000000710a00000, 0x0000000710a00000, 0x0000000710c00000|  0%| F|  |TAMS 0x0000000710a00000, 0x0000000710a00000| Untracked 
| 103|0x0000000710c00000, 0x0000000710c00000, 0x0000000710e00000|  0%| F|  |TAMS 0x0000000710c00000, 0x0000000710c00000| Untracked 
| 104|0x0000000710e00000, 0x0000000710e00000, 0x0000000711000000|  0%| F|  |TAMS 0x0000000710e00000, 0x0000000710e00000| Untracked 
| 105|0x0000000711000000, 0x0000000711000000, 0x0000000711200000|  0%| F|  |TAMS 0x0000000711000000, 0x0000000711000000| Untracked 
| 106|0x0000000711200000, 0x0000000711200000, 0x0000000711400000|  0%| F|  |TAMS 0x0000000711200000, 0x0000000711200000| Untracked 
| 107|0x0000000711400000, 0x0000000711400000, 0x0000000711600000|  0%| F|  |TAMS 0x0000000711400000, 0x0000000711400000| Untracked 
| 108|0x0000000711600000, 0x0000000711600000, 0x0000000711800000|  0%| F|  |TAMS 0x0000000711600000, 0x0000000711600000| Untracked 
| 109|0x0000000711800000, 0x0000000711800000, 0x0000000711a00000|  0%| F|  |TAMS 0x0000000711800000, 0x0000000711800000| Untracked 
| 110|0x0000000711a00000, 0x0000000711a00000, 0x0000000711c00000|  0%| F|  |TAMS 0x0000000711a00000, 0x0000000711a00000| Untracked 
| 111|0x0000000711c00000, 0x0000000711c00000, 0x0000000711e00000|  0%| F|  |TAMS 0x0000000711c00000, 0x0000000711c00000| Untracked 
| 112|0x0000000711e00000, 0x0000000711e00000, 0x0000000712000000|  0%| F|  |TAMS 0x0000000711e00000, 0x0000000711e00000| Untracked 
| 113|0x0000000712000000, 0x0000000712000000, 0x0000000712200000|  0%| F|  |TAMS 0x0000000712000000, 0x0000000712000000| Untracked 
| 114|0x0000000712200000, 0x0000000712400000, 0x0000000712400000|100%| S|CS|TAMS 0x0000000712200000, 0x0000000712200000| Complete 
| 115|0x0000000712400000, 0x0000000712600000, 0x0000000712600000|100%| S|CS|TAMS 0x0000000712400000, 0x0000000712400000| Complete 
| 116|0x0000000712600000, 0x0000000712600000, 0x0000000712800000|  0%| F|  |TAMS 0x0000000712600000, 0x0000000712600000| Untracked 
| 117|0x0000000712800000, 0x0000000712800000, 0x0000000712a00000|  0%| F|  |TAMS 0x0000000712800000, 0x0000000712800000| Untracked 
| 118|0x0000000712a00000, 0x0000000712a00000, 0x0000000712c00000|  0%| F|  |TAMS 0x0000000712a00000, 0x0000000712a00000| Untracked 
| 119|0x0000000712c00000, 0x0000000712c00000, 0x0000000712e00000|  0%| F|  |TAMS 0x0000000712c00000, 0x0000000712c00000| Untracked 
| 120|0x0000000712e00000, 0x0000000712e00000, 0x0000000713000000|  0%| F|  |TAMS 0x0000000712e00000, 0x0000000712e00000| Untracked 
| 121|0x0000000713000000, 0x00000007131fccd8, 0x0000000713200000| 99%| E|  |TAMS 0x0000000713000000, 0x0000000713000000| Complete 
| 122|0x0000000713200000, 0x0000000713400000, 0x0000000713400000|100%| E|  |TAMS 0x0000000713200000, 0x0000000713200000| Complete 
| 123|0x0000000713400000, 0x0000000713600000, 0x0000000713600000|100%| E|CS|TAMS 0x0000000713400000, 0x0000000713400000| Complete 
| 124|0x0000000713600000, 0x0000000713800000, 0x0000000713800000|100%| E|CS|TAMS 0x0000000713600000, 0x0000000713600000| Complete 
| 125|0x0000000713800000, 0x0000000713a00000, 0x0000000713a00000|100%| E|CS|TAMS 0x0000000713800000, 0x0000000713800000| Complete 
| 126|0x0000000713a00000, 0x0000000713c00000, 0x0000000713c00000|100%| E|CS|TAMS 0x0000000713a00000, 0x0000000713a00000| Complete 

Card table byte_map: [0x000002391cca0000,0x000002391d490000] _byte_map_base: 0x0000023919481000

Marking Bits (Prev, Next): (CMBitMap*) 0x0000023904faffc0, (CMBitMap*) 0x0000023904fb0000
 Prev Bits: [0x000002391dc80000, 0x0000023921b88000)
 Next Bits: [0x0000023921b90000, 0x0000023925a98000)

Polling page: 0x0000023904720000

Metaspace:

Usage:
  Non-class:     10.09 MB capacity,     9.90 MB ( 98%) used,   170.20 KB (  2%) free+waste,    17.19 KB ( <1%) overhead. 
      Class:      1.28 MB capacity,     1.21 MB ( 95%) used,    63.21 KB (  5%) free+waste,     6.94 KB ( <1%) overhead. 
       Both:     11.37 MB capacity,    11.11 MB ( 98%) used,   233.41 KB (  2%) free+waste,    24.13 KB ( <1%) overhead. 

Virtual space:
  Non-class space:       12.00 MB reserved,      10.25 MB ( 85%) committed 
      Class space:        1.00 GB reserved,       1.38 MB ( <1%) committed 
             Both:        1.01 GB reserved,      11.63 MB (  1%) committed 

Chunk freelists:
   Non-Class:  40.00 KB
       Class:  2.00 KB
        Both:  42.00 KB

MaxMetaspaceSize: 17179869184.00 GB
CompressedClassSpaceSize: 1.00 GB

CodeHeap 'non-profiled nmethods': size=120000Kb used=716Kb max_used=716Kb free=119283Kb
 bounds [0x0000023914c50000, 0x0000023914ec0000, 0x000002391c180000]
CodeHeap 'profiled nmethods': size=120000Kb used=3390Kb max_used=3390Kb free=116609Kb
 bounds [0x000002390d720000, 0x000002390da70000, 0x0000023914c50000]
CodeHeap 'non-nmethods': size=5760Kb used=1306Kb max_used=1348Kb free=4453Kb
 bounds [0x000002390d180000, 0x000002390d3f0000, 0x000002390d720000]
 total_blobs=2516 nmethods=1914 adapters=514
 compilation: enabled
              stopped_count=0, restarted_count=0
 full_count=0

Compilation events (20 events):
Event: 1.194 Thread 0x0000023928d62820 1908       1       java.lang.reflect.Constructor::getDeclaringClass (5 bytes)
Event: 1.194 Thread 0x0000023928d62820 nmethod 1908 0x0000023914cfb710 code [0x0000023914cfb8a0, 0x0000023914cfb958]
Event: 1.194 Thread 0x0000023928d62820 1909       1       java.lang.reflect.Constructor::getRoot (5 bytes)
Event: 1.194 Thread 0x0000023928d62820 nmethod 1909 0x0000023914cfba10 code [0x0000023914cfbba0, 0x0000023914cfbc58]
Event: 1.194 Thread 0x0000023928d62820 1910       1       jdk.internal.reflect.DelegatingConstructorAccessorImpl::setDelegate (6 bytes)
Event: 1.194 Thread 0x0000023928d62820 nmethod 1910 0x0000023914cfbd10 code [0x0000023914cfbea0, 0x0000023914cfbfb8]
Event: 1.194 Thread 0x0000023928d62820 1911       1       jdk.internal.reflect.NativeConstructorAccessorImpl::setParent (6 bytes)
Event: 1.194 Thread 0x0000023928d62820 nmethod 1911 0x0000023914cfc010 code [0x0000023914cfc1a0, 0x0000023914cfc2b8]
Event: 1.196 Thread 0x0000023928d62820 1912       3       java.io.File::isFile (34 bytes)
Event: 1.196 Thread 0x0000023928d62820 nmethod 1912 0x000002390da6a410 code [0x000002390da6a600, 0x000002390da6ab28]
Event: 1.197 Thread 0x0000023928d62820 1913       3       java.lang.invoke.MethodHandleNatives::refKindIsGetter (32 bytes)
Event: 1.197 Thread 0x0000023928d62820 nmethod 1913 0x000002390da6ac90 code [0x000002390da6ae20, 0x000002390da6af78]
Event: 1.198 Thread 0x0000023928d62820 1914       3       java.util.Arrays::fill (28 bytes)
Event: 1.198 Thread 0x0000023928d62820 nmethod 1914 0x000002390da6b010 code [0x000002390da6b1c0, 0x000002390da6b568]
Event: 1.198 Thread 0x0000023928d62820 1915       3       jdk.internal.org.objectweb.asm.Type::getTypeInternal (199 bytes)
Event: 1.200 Thread 0x0000023928d62820 nmethod 1915 0x000002390da6b710 code [0x000002390da6b980, 0x000002390da6c768]
Event: 1.200 Thread 0x0000023928d62820 1916       3       java.lang.invoke.LambdaForm$Name::internArguments (59 bytes)
Event: 1.200 Thread 0x0000023928d62820 nmethod 1916 0x000002390da6cb90 code [0x000002390da6cd80, 0x000002390da6d4a8]
Event: 1.200 Thread 0x0000023928d62820 1917       3       java.util.ArrayList::isEmpty (13 bytes)
Event: 1.201 Thread 0x0000023928d62820 nmethod 1917 0x000002390da6d690 code [0x000002390da6d820, 0x000002390da6d978]

GC Heap History (2 events):
Event: 0.897 GC heap before
{Heap before GC invocations=0 (full 0):
 garbage-first heap   total 260096K, used 20480K [0x0000000703e00000, 0x0000000800000000)
  region size 2048K, 11 young (22528K), 0 survivors (0K)
 Metaspace       used 9484K, capacity 9700K, committed 9856K, reserved 1058816K
  class space    used 1027K, capacity 1071K, committed 1152K, reserved 1048576K
}
Event: 0.903 GC heap after
{Heap after GC invocations=1 (full 0):
 garbage-first heap   total 260096K, used 7247K [0x0000000703e00000, 0x0000000800000000)
  region size 2048K, 2 young (4096K), 2 survivors (4096K)
 Metaspace       used 9484K, capacity 9700K, committed 9856K, reserved 1058816K
  class space    used 1027K, capacity 1071K, committed 1152K, reserved 1048576K
}

Deoptimization events (20 events):
Event: 1.102 Thread 0x0000023928e9c4f0 Uncommon trap: trap_request=0xffffff45 fr.pc=0x0000023914ce9348 relative=0x0000000000002148
Event: 1.102 Thread 0x0000023928e9c4f0 Uncommon trap: reason=unstable_if action=reinterpret pc=0x0000023914ce9348 method=java.awt.font.FontRenderContext.hashCode()I @ 4 c2
Event: 1.102 Thread 0x0000023928e9c4f0 DEOPT PACKING pc=0x0000023914ce9348 sp=0x000000a0e48fd9d0
Event: 1.102 Thread 0x0000023928e9c4f0 DEOPT UNPACKING pc=0x000002390d1ce42f sp=0x000000a0e48fd7a0 mode 2
Event: 1.102 Thread 0x0000023928e9c4f0 Uncommon trap: trap_request=0xffffff45 fr.pc=0x0000023914cee9c4 relative=0x0000000000002064
Event: 1.102 Thread 0x0000023928e9c4f0 Uncommon trap: reason=unstable_if action=reinterpret pc=0x0000023914cee9c4 method=java.awt.font.FontRenderContext.hashCode()I @ 4 c2
Event: 1.102 Thread 0x0000023928e9c4f0 DEOPT PACKING pc=0x0000023914cee9c4 sp=0x000000a0e48fda90
Event: 1.102 Thread 0x0000023928e9c4f0 DEOPT UNPACKING pc=0x000002390d1ce42f sp=0x000000a0e48fd900 mode 2
Event: 1.177 Thread 0x0000023928e9c020 Uncommon trap: trap_request=0xffffffde fr.pc=0x0000023914cbd414 relative=0x0000000000000b14
Event: 1.177 Thread 0x0000023928e9c020 Uncommon trap: reason=class_check action=maybe_recompile pc=0x0000023914cbd414 method=java.util.HashMap.putVal(ILjava/lang/Object;Ljava/lang/Object;ZZ)Ljava/lang/Object; @ 203 c2
Event: 1.177 Thread 0x0000023928e9c020 DEOPT PACKING pc=0x0000023914cbd414 sp=0x000000a0e47fe170
Event: 1.177 Thread 0x0000023928e9c020 DEOPT UNPACKING pc=0x000002390d1ce42f sp=0x000000a0e47fe110 mode 2
Event: 1.177 Thread 0x0000023928e9c020 Uncommon trap: trap_request=0xffffffde fr.pc=0x0000023914cbd438 relative=0x0000000000000b38
Event: 1.177 Thread 0x0000023928e9c020 Uncommon trap: reason=class_check action=maybe_recompile pc=0x0000023914cbd438 method=java.util.HashMap.putVal(ILjava/lang/Object;Ljava/lang/Object;ZZ)Ljava/lang/Object; @ 91 c2
Event: 1.177 Thread 0x0000023928e9c020 DEOPT PACKING pc=0x0000023914cbd438 sp=0x000000a0e47fe170
Event: 1.177 Thread 0x0000023928e9c020 DEOPT UNPACKING pc=0x000002390d1ce42f sp=0x000000a0e47fe110 mode 2
Event: 1.177 Thread 0x0000023928e9c020 Uncommon trap: trap_request=0xffffffde fr.pc=0x0000023914cbd414 relative=0x0000000000000b14
Event: 1.177 Thread 0x0000023928e9c020 Uncommon trap: reason=class_check action=maybe_recompile pc=0x0000023914cbd414 method=java.util.HashMap.putVal(ILjava/lang/Object;Ljava/lang/Object;ZZ)Ljava/lang/Object; @ 203 c2
Event: 1.177 Thread 0x0000023928e9c020 DEOPT PACKING pc=0x0000023914cbd414 sp=0x000000a0e47fe170
Event: 1.177 Thread 0x0000023928e9c020 DEOPT UNPACKING pc=0x000002390d1ce42f sp=0x000000a0e47fe110 mode 2

Classes unloaded (0 events):
No events

Classes redefined (0 events):
No events

Internal exceptions (20 events):
Event: 0.442 Thread 0x0000023904f5ea50 Exception <a 'java/io/FileNotFoundException'{0x0000000712f113c0}> (0x0000000712f113c0) 
thrown [./open/src/hotspot/share/prims/jni.cpp, line 578]
Event: 0.451 Thread 0x0000023904f5ea50 Exception <a 'java/io/FileNotFoundException'{0x0000000712f3fd88}> (0x0000000712f3fd88) 
thrown [./open/src/hotspot/share/prims/jni.cpp, line 578]
Event: 0.451 Thread 0x0000023904f5ea50 Exception <a 'java/lang/NoSuchMethodError'{0x0000000712f410c8}: 'java.lang.Object java.lang.invoke.DirectMethodHandle$Holder.invokeStatic(java.lang.Object)'> (0x0000000712f410c8) 
thrown [./open/src/hotspot/share/interpreter/linkResolver.cpp, line 782]
Event: 0.457 Thread 0x0000023904f5ea50 Exception <a 'java/lang/NoSuchMethodError'{0x0000000712f49c58}: 'void java.lang.invoke.DirectMethodHandle$Holder.invokeSpecial(java.lang.Object, java.lang.Object, java.lang.Object)'> (0x0000000712f49c58) 
thrown [./open/src/hotspot/share/interpreter/linkResolver.cpp, line 782]
Event: 0.486 Thread 0x0000023904f5ea50 Exception <a 'java/lang/NoSuchMethodError'{0x0000000712f83ae0}: 'java.lang.Object java.lang.invoke.DirectMethodHandle$Holder.invokeStaticInit(java.lang.Object)'> (0x0000000712f83ae0) 
thrown [./open/src/hotspot/share/interpreter/linkResolver.cpp, line 782]
Event: 0.536 Thread 0x0000023928e9c4f0 Exception <a 'java/lang/NoSuchMethodError'{0x0000000712c4a610}: 'void java.lang.invoke.DirectMethodHandle$Holder.invokeStaticInit(java.lang.Object)'> (0x0000000712c4a610) 
thrown [./open/src/hotspot/share/interpreter/linkResolver.cpp, line 782]
Event: 0.542 Thread 0x0000023928e9c4f0 Exception <a 'java/lang/NoSuchMethodError'{0x0000000712c6ef80}: 'java.lang.Object java.lang.invoke.DirectMethodHandle$Holder.newInvokeSpecial(java.lang.Object, java.lang.Object, java.lang.Object, java.lang.Object, java.lang.Object)'> (0x0000000712c6ef80) 
thrown [./open/src/hotspot/share/interpreter/linkResolver.cpp, line 782]
Event: 0.545 Thread 0x0000023928e9c4f0 Exception <a 'java/lang/NoSuchMethodError'{0x0000000712cfb700}: 'java.lang.Object java.lang.invoke.DirectMethodHandle$Holder.invokeStatic(java.lang.Object, int, java.lang.Object, java.lang.Object, java.lang.Object, java.lang.Object)'> (0x0000000712cfb700) 
thrown [./open/src/hotspot/share/interpreter/linkResolver.cpp, line 782]
Event: 0.550 Thread 0x0000023928e9c4f0 Exception <a 'java/lang/NoSuchMethodError'{0x0000000712d219a8}: 'java.lang.Object java.lang.invoke.DirectMethodHandle$Holder.invokeStatic(java.lang.Object, int, java.lang.Object)'> (0x0000000712d219a8) 
thrown [./open/src/hotspot/share/interpreter/linkResolver.cpp, line 782]
Event: 0.572 Thread 0x0000023928e9c4f0 Exception <a 'java/lang/ClassNotFoundException'{0x0000000712da4250}: com/sun/java/swing/plaf/windows/resources/spi/windowsProvider> (0x0000000712da4250) 
thrown [./open/src/hotspot/share/classfile/systemDictionary.cpp, line 295]
Event: 0.573 Thread 0x0000023928e9c4f0 Exception <a 'java/lang/ClassNotFoundException'{0x0000000712da8e60}: com/sun/swing/internal/plaf/basic/resources/spi/basicProvider> (0x0000000712da8e60) 
thrown [./open/src/hotspot/share/classfile/systemDictionary.cpp, line 295]
Event: 0.600 Thread 0x0000023928e9c4f0 Exception <a 'java/io/FileNotFoundException'{0x0000000712de1be0}> (0x0000000712de1be0) 
thrown [./open/src/hotspot/share/prims/jni.cpp, line 578]
Event: 0.864 Thread 0x0000023928e9d360 Exception <a 'java/lang/NoSuchMethodError'{0x00000007127e26d8}: 'java.lang.Object java.lang.invoke.DirectMethodHandle$Holder.newInvokeSpecial(java.lang.Object, java.lang.Object, java.lang.Object, int, int, int, int, int)'> (0x00000007127e26d8) 
thrown [./open/src/hotspot/share/interpreter/linkResolver.cpp, line 782]
Event: 0.868 Thread 0x0000023928e9d360 Exception <a 'java/lang/InterruptedException'{0x00000007127efb18}: sleep interrupted> (0x00000007127efb18) 
thrown [./open/src/hotspot/share/prims/jvm.cpp, line 3252]
Event: 0.916 Thread 0x0000023928e9d830 Exception <a 'java/lang/NoSuchMethodError'{0x0000000713a819d0}: 'void java.lang.invoke.DirectMethodHandle$Holder.invokeStatic(java.lang.Object, java.lang.Object)'> (0x0000000713a819d0) 
thrown [./open/src/hotspot/share/interpreter/linkResolver.cpp, line 782]
Event: 0.917 Thread 0x0000023928e9d830 Exception <a 'java/lang/NoSuchMethodError'{0x0000000713a853d8}: 'void java.lang.invoke.DirectMethodHandle$Holder.invokeStaticInit(java.lang.Object, java.lang.Object)'> (0x0000000713a853d8) 
thrown [./open/src/hotspot/share/interpreter/linkResolver.cpp, line 782]
Event: 0.924 Thread 0x0000023928e9d830 Exception <a 'java/lang/NoSuchMethodError'{0x0000000713af5800}: 'java.lang.Object java.lang.invoke.DirectMethodHandle$Holder.invokeStaticInit(java.lang.Object, int, int, int, int)'> (0x0000000713af5800) 
thrown [./open/src/hotspot/share/interpreter/linkResolver.cpp, line 782]
Event: 1.050 Thread 0x0000023928e9d830 Exception <a 'java/lang/NoSuchMethodError'{0x0000000713746c48}: 'java.lang.Object java.lang.invoke.DirectMethodHandle$Holder.invokeStaticInit(java.lang.Object, java.lang.Object, int, int, int, int)'> (0x0000000713746c48) 
thrown [./open/src/hotspot/share/interpreter/linkResolver.cpp, line 782]
Event: 1.061 Thread 0x0000023928e9d830 Exception <a 'java/lang/UnsatisfiedLinkError'{0x000000071375dff8}> (0x000000071375dff8) 
thrown [./open/src/hotspot/share/prims/jvm.cpp, line 3576]
Event: 1.061 Thread 0x0000023928e9d830 Exception <a 'java/lang/UnsatisfiedLinkError'{0x000000071375dff8}> (0x000000071375dff8) 
thrown [./open/src/hotspot/share/prims/jni.cpp, line 578]

Events (20 events):
Event: 1.191 loading class sun/awt/NativeLibLoader$1
Event: 1.191 loading class sun/awt/NativeLibLoader$1 done
Event: 1.193 loading class sun/awt/FontConfiguration$2
Event: 1.193 loading class sun/awt/FontConfiguration$2 done
Event: 1.193 loading class sun/awt/windows/WDefaultFontCharset
Event: 1.193 loading class sun/awt/AWTCharset
Event: 1.194 loading class sun/awt/AWTCharset done
Event: 1.194 loading class sun/awt/windows/WDefaultFontCharset done
Event: 1.194 loading class sun/awt/windows/WDefaultFontCharset$Encoder
Event: 1.194 loading class sun/awt/AWTCharset$Encoder
Event: 1.194 loading class sun/awt/AWTCharset$Encoder done
Event: 1.194 loading class sun/awt/windows/WDefaultFontCharset$Encoder done
Event: 1.195 loading class sun/awt/windows/WingDings
Event: 1.196 loading class sun/awt/windows/WingDings done
Event: 1.196 loading class sun/awt/windows/WingDings$Encoder
Event: 1.196 loading class sun/awt/windows/WingDings$Encoder done
Event: 1.196 loading class sun/awt/Symbol
Event: 1.196 loading class sun/awt/Symbol done
Event: 1.196 loading class sun/awt/Symbol$Encoder
Event: 1.196 loading class sun/awt/Symbol$Encoder done


Dynamic libraries:
0x00007ff638e90000 - 0x00007ff638e9f000 	C:\Program Files\Java\jdk-15.0.1\bin\javaw.exe
0x00007fffa8940000 - 0x00007fffa8b30000 	C:\Windows\SYSTEM32\ntdll.dll
0x00007fffa73d0000 - 0x00007fffa7482000 	C:\Windows\System32\KERNEL32.DLL
0x00007fffa6330000 - 0x00007fffa65d5000 	C:\Windows\System32\KERNELBASE.dll
0x00007fffa67b0000 - 0x00007fffa68aa000 	C:\Windows\System32\ucrtbase.dll
0x00007fff959e0000 - 0x00007fff959f8000 	C:\Program Files\Java\jdk-15.0.1\bin\jli.dll
0x00007fff83af0000 - 0x00007fff83b09000 	C:\Program Files\Java\jdk-15.0.1\bin\VCRUNTIME140.dll
0x00007fffa71b0000 - 0x00007fffa7253000 	C:\Windows\System32\ADVAPI32.dll
0x00007fffa7490000 - 0x00007fffa752e000 	C:\Windows\System32\msvcrt.dll
0x00007fffa72d0000 - 0x00007fffa7367000 	C:\Windows\System32\sechost.dll
0x00007fffa7960000 - 0x00007fffa7a80000 	C:\Windows\System32\RPCRT4.dll
0x00007fffa7ca0000 - 0x00007fffa7e34000 	C:\Windows\System32\USER32.dll
0x00007fffa6780000 - 0x00007fffa67a1000 	C:\Windows\System32\win32u.dll
0x00007fff9cb70000 - 0x00007fff9cdf4000 	C:\Windows\WinSxS\amd64_microsoft.windows.common-controls_6595b64144ccf1df_6.0.18362.1139_none_9e7bf2d3e4605ac6\COMCTL32.dll
0x00007fffa75a0000 - 0x00007fffa75c6000 	C:\Windows\System32\GDI32.dll
0x00007fffa69f0000 - 0x00007fffa6d25000 	C:\Windows\System32\combase.dll
0x00007fffa65e0000 - 0x00007fffa6776000 	C:\Windows\System32\gdi32full.dll
0x00007fffa5b30000 - 0x00007fffa5bb0000 	C:\Windows\System32\bcryptPrimitives.dll
0x00007fffa6920000 - 0x00007fffa69be000 	C:\Windows\System32\msvcp_win.dll
0x00007fffa0e80000 - 0x00007fffa0e8a000 	C:\Windows\SYSTEM32\VERSION.dll
0x00007fffa7e70000 - 0x00007fffa7e9e000 	C:\Windows\System32\IMM32.DLL
0x00007fff99820000 - 0x00007fff9982c000 	C:\Program Files\Java\jdk-15.0.1\bin\vcruntime140_1.dll
0x00007fff80840000 - 0x00007fff808d1000 	C:\Program Files\Java\jdk-15.0.1\bin\msvcp140.dll
0x00007fff310e0000 - 0x00007fff31c3e000 	C:\Program Files\Java\jdk-15.0.1\bin\server\jvm.dll
0x00007fffa6d30000 - 0x00007fffa6d38000 	C:\Windows\System32\PSAPI.DLL
0x00007fff961f0000 - 0x00007fff96214000 	C:\Windows\SYSTEM32\WINMM.dll
0x00007fff88420000 - 0x00007fff88429000 	C:\Windows\SYSTEM32\WSOCK32.dll
0x00007fffa7530000 - 0x00007fffa759f000 	C:\Windows\System32\WS2_32.dll
0x00007fff961c0000 - 0x00007fff961ed000 	C:\Windows\SYSTEM32\WINMMBASE.dll
0x00007fffa68b0000 - 0x00007fffa68fa000 	C:\Windows\System32\cfgmgr32.dll
0x00007fffa5860000 - 0x00007fffa5871000 	C:\Windows\System32\kernel.appcore.dll
0x00007fff997c0000 - 0x00007fff997ca000 	C:\Program Files\Java\jdk-15.0.1\bin\jimage.dll
0x00007fff9bec0000 - 0x00007fff9c0b4000 	C:\Windows\SYSTEM32\DBGHELP.DLL
0x00007fff95f60000 - 0x00007fff95f8a000 	C:\Windows\SYSTEM32\dbgcore.DLL
0x00007fff83a70000 - 0x00007fff83a95000 	C:\Program Files\Java\jdk-15.0.1\bin\java.dll
0x00007fffa7f00000 - 0x00007fffa85e7000 	C:\Windows\System32\SHELL32.dll
0x00007fffa87a0000 - 0x00007fffa8849000 	C:\Windows\System32\shcore.dll
0x00007fffa5bb0000 - 0x00007fffa6330000 	C:\Windows\System32\windows.storage.dll
0x00007fffa5830000 - 0x00007fffa5853000 	C:\Windows\System32\profapi.dll
0x00007fffa5880000 - 0x00007fffa58ca000 	C:\Windows\System32\powrprof.dll
0x00007fffa5800000 - 0x00007fffa5810000 	C:\Windows\System32\UMPDC.dll
0x00007fffa8740000 - 0x00007fffa8792000 	C:\Windows\System32\shlwapi.dll
0x00007fffa6900000 - 0x00007fffa6917000 	C:\Windows\System32\cryptsp.dll
0x00007fff82500000 - 0x00007fff82519000 	C:\Program Files\Java\jdk-15.0.1\bin\net.dll
0x00007fff9ab40000 - 0x00007fff9ac30000 	C:\Windows\SYSTEM32\WINHTTP.dll
0x00007fffa4fa0000 - 0x00007fffa5007000 	C:\Windows\system32\mswsock.dll
0x00007fff821b0000 - 0x00007fff821c2000 	C:\Program Files\Java\jdk-15.0.1\bin\nio.dll
0x00007fff82190000 - 0x00007fff821a8000 	C:\Program Files\Java\jdk-15.0.1\bin\zip.dll
0x00007fff96280000 - 0x00007fff96290000 	C:\Program Files\Java\jdk-15.0.1\bin\verify.dll
0x00007fff6c720000 - 0x00007fff6c8a0000 	C:\Program Files\Java\jdk-15.0.1\bin\awt.dll
0x00007fffa7bd0000 - 0x00007fffa7c95000 	C:\Windows\System32\OLEAUT32.dll
0x00007fffa39c0000 - 0x00007fffa3a4f000 	C:\Windows\SYSTEM32\apphelp.dll
0x00007fffa3b10000 - 0x00007fffa3ba9000 	C:\Windows\system32\uxtheme.dll
0x00007fffa7a90000 - 0x00007fffa7bc5000 	C:\Windows\System32\MSCTF.dll
0x00007fffa7800000 - 0x00007fffa7957000 	C:\Windows\System32\ole32.dll
0x00007fffa3f40000 - 0x00007fffa3f6d000 	C:\Windows\system32\DWMAPI.DLL
0x00007fff6ca00000 - 0x00007fff6ca85000 	C:\Program Files\Java\jdk-15.0.1\bin\freetype.dll
0x00007fff6c950000 - 0x00007fff6c9f9000 	C:\Program Files\Java\jdk-15.0.1\bin\fontmanager.dll
0x00007fff73340000 - 0x00007fff73496000 	C:\Windows\system32\opengl32.dll
0x00007fff732d0000 - 0x00007fff732fc000 	C:\Windows\SYSTEM32\GLU32.dll
0x00007fffa4410000 - 0x00007fffa4430000 	C:\Windows\SYSTEM32\dxcore.dll
0x00007fffa4b20000 - 0x00007fffa4b53000 	C:\Windows\system32\rsaenh.dll
0x00007fffa69c0000 - 0x00007fffa69e6000 	C:\Windows\System32\bcrypt.dll
0x00007fffa5720000 - 0x00007fffa5745000 	C:\Windows\SYSTEM32\USERENV.dll
0x00007fffa5120000 - 0x00007fffa512c000 	C:\Windows\SYSTEM32\CRYPTBASE.dll
0x00007fffa4cc0000 - 0x00007fffa4cfa000 	C:\Windows\SYSTEM32\IPHLPAPI.DLL
0x00007fffa7e40000 - 0x00007fffa7e48000 	C:\Windows\System32\NSI.dll
0x00007fffa0e60000 - 0x00007fffa0e76000 	C:\Windows\SYSTEM32\dhcpcsvc6.DLL
0x00007fffa0e40000 - 0x00007fffa0e5c000 	C:\Windows\SYSTEM32\dhcpcsvc.DLL
0x00007fffa4d00000 - 0x00007fffa4dcb000 	C:\Windows\SYSTEM32\DNSAPI.dll
0x0000000060d40000 - 0x0000000060d59000 	C:\Users\–M‹P\AppData\Local\Temp\lombok-1.18.12-WindowsDriveInfo-x86_64.dll

dbghelp: loaded successfully - version: 4.0.5 - missing functions: none
symbol engine: initialized successfully - sym options: 0x614 - pdb path: .;C:\Program Files\Java\jdk-15.0.1\bin;C:\Windows\SYSTEM32;C:\Windows\WinSxS\amd64_microsoft.windows.common-controls_6595b64144ccf1df_6.0.18362.1139_none_9e7bf2d3e4605ac6;C:\Program Files\Java\jdk-15.0.1\bin\server;C:\Users\–M‹P\AppData\Local\Te

VM Arguments:
jvm_args: -Dfile.encoding=UTF-8 
java_command: lombok.launch.Main
java_class_path (initial): C:\WeRunTest\rundataformini-master\backend\target\classes;C:\Users\–M‹P\.m2\repository\org\springframework\boot\spring-boot-starter-data-jpa\2.3.4.RELEASE\spring-boot-starter-data-jpa-2.3.4.RELEASE.jar;C:\Users\–M‹P\.m2\repository\org\springframework\boot\spring-boot-starter-aop\2.3.4.RELEASE\spring-boot-starter-aop-2.3.4.RELEASE.jar;C:\Users\–M‹P\.m2\repository\org\springframework\spring-aop\5.2.9.RELEASE\spring-aop-5.2.9.RELEASE.jar;C:\Users\–M‹P\.m2\repository\org\aspectj\aspectjweaver\1.9.6\aspectjweaver-1.9.6.jar;C:\Users\–M‹P\.m2\repository\org\springframework\boot\spring-boot-starter-jdbc\2.3.4.RELEASE\spring-boot-starter-jdbc-2.3.4.RELEASE.jar;C:\Users\–M‹P\.m2\repository\com\zaxxer\HikariCP\3.4.5\HikariCP-3.4.5.jar;C:\Users\–M‹P\.m2\repository\org\springframework\spring-jdbc\5.2.9.RELEASE\spring-jdbc-5.2.9.RELEASE.jar;C:\Users\–M‹P\.m2\repository\jakarta\transaction\jakarta.transaction-api\1.3.3\jakarta.transaction-api-1.3.3.jar;C:\Users\–M‹P\.m2\repository\jakarta\persistence\jakarta.persistence-api\2.2.3\jakarta.persistence-api-2.2.3.jar;C:\Users\–M‹P\.m2\repository\org\hibernate\hibernate-core\5.4.21.Final\hibernate-core-5.4.21.Final.jar;C:\Users\–M‹P\.m2\repository\org\jboss\logging\jboss-logging\3.4.1.Final\jboss-logging-3.4.1.Final.jar;C:\Users\–M‹P\.m2\repository\org\javassist\javassist\3.24.0-GA\javassist-3.24.0-GA.jar;C:\Users\–M‹P\.m2\repository\net\bytebuddy\byte-buddy\1.10.14\byte-buddy-1.10.14.jar;C:\Users\–M‹P\.m2\repository\antlr\antlr\2.7.7\antlr-2.7.7.jar;C:\Users\–M‹P\.m2\repository\org\jboss\jandex\2.1.3.Final\jandex-2.1.3.Final.jar;C:\Users\–M‹P\.m2\repository\com\fasterxml\classmate\1.5.1\classmate-1.5.1.jar;C:\Users\–M‹P\.m2\repository\org\dom4j\dom4j\2.1.3\dom4j-2.1.3.jar;C:\Users\–M‹P\.m2\repository\org\hibernate\common\hibernate-commons-annotations\5.1.0.Final\hibernate-commons-annotations-5.1.0.Final.jar;C:\Users\–M‹P\.m2\repository\org\glassfish\jaxb\jaxb-runtime\2.3.3\jaxb-runtime-2.3.3.jar;C:\Users\–
Launcher Type: SUN_STANDARD

[Global flags]
     intx CICompilerCount                          = 4                                         {product} {ergonomic}
     uint ConcGCThreads                            = 2                                         {product} {ergonomic}
     uint G1ConcRefinementThreads                  = 8                                         {product} {ergonomic}
   size_t G1HeapRegionSize                         = 2097152                                   {product} {ergonomic}
    uintx GCDrainStackTargetSize                   = 64                                        {product} {ergonomic}
   size_t InitialHeapSize                          = 266338304                                 {product} {ergonomic}
   size_t MarkStackSize                            = 4194304                                   {product} {ergonomic}
   size_t MaxHeapSize                              = 4229955584                                {product} {ergonomic}
   size_t MaxNewSize                               = 2537553920                                {product} {ergonomic}
   size_t MinHeapDeltaBytes                        = 2097152                                   {product} {ergonomic}
   size_t MinHeapSize                              = 8388608                                   {product} {ergonomic}
    uintx NonNMethodCodeHeapSize                   = 5839372                                {pd product} {ergonomic}
    uintx NonProfiledCodeHeapSize                  = 122909434                              {pd product} {ergonomic}
    uintx ProfiledCodeHeapSize                     = 122909434                              {pd product} {ergonomic}
    uintx ReservedCodeCacheSize                    = 251658240                              {pd product} {ergonomic}
     bool SegmentedCodeCache                       = true                                      {product} {ergonomic}
   size_t SoftMaxHeapSize                          = 4229955584                             {manageable} {ergonomic}
     bool UseCompressedClassPointers               = true                                 {lp64_product} {ergonomic}
     bool UseCompressedOops                        = true                                 {lp64_product} {ergonomic}
     bool UseG1GC                                  = true                                      {product} {ergonomic}
     bool UseLargePagesIndividualAllocation        = false                                  {pd product} {ergonomic}

Logging:
Log output configuration:
 #0: stdout all=warning uptime,level,tags
 #1: stderr all=off uptime,level,tags

Environment Variables:
JAVA_HOME=C:\Program Files\Java\jdk-15.0.1
CLASSPATH= .;C:\Program Files\Java\jdk-15.0.1\lib\dt.jar;C:\Program Files\Java\jdk-15.0.1\lib\tools.jar;
PATH=C:\Program Files\Common Files\Oracle\Java\javapath;C:\Python39\Scripts\;C:\Python39\;C:\Windows\system32;C:\Windows;C:\Windows\System32\Wbem;C:\Windows\System32\WindowsPowerShell\v1.0\;C:\Windows\System32\OpenSSH\;C:\Program Files\TortoiseGit\bin;C:\Program Files\Git\cmd;C:\Program Files\Intel\WiFi\bin\;C:\Program Files\Common Files\Intel\WirelessCommon\;C:\HashiCorp\Vagrant\bin;C:\Program Files\PuTTY\;C:\Program Files\Docker\Docker\resources\bin;C:\ProgramData\DockerDesktop\version-bin;C:\Program Files\nodejs\;C:\ProgramData\chocolatey\bin;C:\Users\–M‹P\AppData\Local\Microsoft\WindowsApps;C:\Users\–M‹P\AppData\Roaming\npm;C:\Program Files\Java\jdk-15.0.1\bin;C:\Program Files\Java\jdk-15.0.1\jre\bin;C:\Microsoft VS Code\bin
USERNAME=–M‹P
OS=Windows_NT
PROCESSOR_IDENTIFIER=Intel64 Family 6 Model 142 Stepping 12, GenuineIntel



---------------  S Y S T E M  ---------------

OS:
 Windows 10 , 64 bit Build 18362 (10.0.18362.1110)
OS uptime: 7 days 4:11 hours
HyperV virtualization detected

CPU: total 8 (initial active 8) (4 cores per cpu, 2 threads per core) family 6 model 142 stepping 12 microcode 0xd6, cmov, cx8, fxsr, mmx, sse, sse2, sse3, ssse3, sse4.1, sse4.2, popcnt, vzeroupper, avx, avx2, aes, clmul, erms, 3dnowpref, lzcnt, ht, tsc, tscinvbit, bmi1, bmi2, adx, fma, clflush, clflushopt

Memory: 4k page, system-wide physical 16131M (5160M free)
TotalPageFile size 27395M (AvailPageFile size 10247M)
current process WorkingSet (physical memory assigned to process): 113M, peak: 114M
current process commit charge ("private bytes"): 388M, peak: 390M

vm_info: Java HotSpot(TM) 64-Bit Server VM (15.0.1+9-18) for windows-amd64 JRE (15.0.1+9-18), built on Sep 15 2020 14:43:54 by "mach5one" with unknown MS VC++:1925

END.
