#
# A fatal error has been detected by the Java Runtime Environment:
#
#  EXCEPTION_ACCESS_VIOLATION (0xc0000005) at pc=0x00007fff628302ae, pid=15684, tid=21808
#
# JRE version: Java(TM) SE Runtime Environment (15.0.1+9) (build 15.0.1+9-18)
# Java VM: Java HotSpot(TM) 64-Bit Server VM (15.0.1+9-18, mixed mode, sharing, tiered, compressed oops, g1 gc, windows-amd64)
# Problematic frame:
# C  [awt.dll+0x902ae]
#
# No core dump will be written. Minidumps are not enabled by default on client versions of Windows
#
# If you would like to submit a bug report, please visit:
#   https://bugreport.java.com/bugreport/crash.jsp
# The crash happened outside the Java Virtual Machine in native code.
# See problematic frame for where to report the bug.
#

---------------  S U M M A R Y ------------

Command Line: -Dfile.encoding=UTF-8 lombok.launch.Main

Host: Intel(R) Core(TM) i7-8565U CPU @ 1.80GHz, 8 cores, 15G,  Windows 10 , 64 bit Build 18362 (10.0.18362.1110)
Time: Thu Nov 19 15:21:06 2020 ???? (?W?€??) elapsed time: 1.386936 seconds (0d 0h 0m 1s)

---------------  T H R E A D  ---------------

Current thread (0x000001cf91ac64b0):  JavaThread "AWT-EventQueue-0" [_thread_in_native, id=21808, stack(0x00000034b3100000,0x00000034b3200000)]

Stack: [0x00000034b3100000,0x00000034b3200000],  sp=0x00000034b31fe8e0,  free space=1018k
Native frames: (J=compiled Java code, j=interpreted, Vv=VM code, C=native code)
C  [awt.dll+0x902ae]

Java frames: (J=compiled Java code, j=interpreted, Vv=VM code)
j  sun.awt.windows.WComponentPeer._setFont(Ljava/awt/Font;)V+0 java.desktop@15.0.1
j  sun.awt.windows.WComponentPeer.setFont(Ljava/awt/Font;)V+7 java.desktop@15.0.1
j  sun.awt.windows.WWindowPeer.initialize()V+42 java.desktop@15.0.1
j  sun.awt.windows.WFramePeer.initialize()V+1 java.desktop@15.0.1
j  sun.awt.windows.WComponentPeer.<init>(Ljava/awt/Component;)V+83 java.desktop@15.0.1
j  sun.awt.windows.WCanvasPeer.<init>(Ljava/awt/Component;)V+2 java.desktop@15.0.1
j  sun.awt.windows.WPanelPeer.<init>(Ljava/awt/Component;)V+2 java.desktop@15.0.1
j  sun.awt.windows.WWindowPeer.<init>(Ljava/awt/Window;)V+2 java.desktop@15.0.1
j  sun.awt.windows.WFramePeer.<init>(Ljava/awt/Frame;)V+2 java.desktop@15.0.1
j  sun.awt.windows.WToolkit.createFrame(Ljava/awt/Frame;)Ljava/awt/peer/FramePeer;+5 java.desktop@15.0.1
j  java.awt.Frame.addNotify()V+20 java.desktop@15.0.1
j  java.awt.Window.pack()V+28 java.desktop@15.0.1
j  lombok.installer.InstallerGUI.<init>()V+176
j  lombok.installer.Installer$1.run()V+14
j  java.awt.event.InvocationEvent.dispatch()V+47 java.desktop@15.0.1
j  java.awt.EventQueue.dispatchEventImpl(Ljava/awt/AWTEvent;Ljava/lang/Object;)V+21 java.desktop@15.0.1
j  java.awt.EventQueue$4.run()Ljava/lang/Void;+32 java.desktop@15.0.1
j  java.awt.EventQueue$4.run()Ljava/lang/Object;+1 java.desktop@15.0.1
j  java.security.AccessController.executePrivileged(Ljava/security/PrivilegedAction;Ljava/security/AccessControlContext;Ljava/lang/Class;)Ljava/lang/Object;+29 java.base@15.0.1
j  java.security.AccessController.doPrivileged(Ljava/security/PrivilegedAction;Ljava/security/AccessControlContext;)Ljava/lang/Object;+13 java.base@15.0.1
j  java.security.ProtectionDomain$JavaSecurityAccessImpl.doIntersectionPrivilege(Ljava/security/PrivilegedAction;Ljava/security/AccessControlContext;Ljava/security/AccessControlContext;)Ljava/lang/Object;+18 java.base@15.0.1
j  java.awt.EventQueue.dispatchEvent(Ljava/awt/AWTEvent;)V+46 java.desktop@15.0.1
j  java.awt.EventDispatchThread.pumpOneEventForFilters(I)V+78 java.desktop@15.0.1
j  java.awt.EventDispatchThread.pumpEventsForFilter(ILjava/awt/Conditional;Ljava/awt/EventFilter;)V+35 java.desktop@15.0.1
j  java.awt.EventDispatchThread.pumpEventsForHierarchy(ILjava/awt/Conditional;Ljava/awt/Component;)V+11 java.desktop@15.0.1
j  java.awt.EventDispatchThread.pumpEvents(ILjava/awt/Conditional;)V+4 java.desktop@15.0.1
j  java.awt.EventDispatchThread.pumpEvents(Ljava/awt/Conditional;)V+3 java.desktop@15.0.1
j  java.awt.EventDispatchThread.run()V+9 java.desktop@15.0.1
v  ~StubRoutines::call_stub

siginfo: EXCEPTION_ACCESS_VIOLATION (0xc0000005), reading address 0x0000000000000058


Register to memory mapping:

RIP=0x00007fff628302ae awt.dll
RAX=0x00007fff628a17f0 awt.dll
RBX=0x000001cf91ac67d8 points into unknown readable memory: 0x00007fff31adde40 | 40 de ad 31 ff 7f 00 00
RCX=0x000001cf92b9b0a0 points into unknown readable memory: 0x00007fff628a17f0 | f0 17 8a 62 ff 7f 00 00
RDX=0x0 is NULL
RSP=0x00000034b31fe8e0 is pointing into the stack for thread: 0x000001cf91ac64b0
RBP=0x0 is NULL
RSI=0x000001cf91e06d20 is a global jni handle
RDI=0x000001cf91e06d28 is a global jni handle
R8 =0x0000000000000042 is an unknown value
R9 =0x0000000800b83bb0 is a pointer to class: 
java.awt.Font {0x0000000800b83bb8}
R10=0x0000000000008000 is an unknown value
R11=0x00000034b31fe8e0 is pointing into the stack for thread: 0x000001cf91ac64b0
R12=0x0 is NULL
R13={method} {0x000001cf91241410} '_setFont' '(Ljava/awt/Font;)V' in 'sun/awt/windows/WComponentPeer'
R14=0x000001cf92b9b0a0 points into unknown readable memory: 0x00007fff628a17f0 | f0 17 8a 62 ff 7f 00 00
R15=0x000001cf929d0680 points into unknown readable memory: 0x000001cf91e06d20 | 20 6d e0 91 cf 01 00 00


Registers:
RAX=0x00007fff628a17f0, RBX=0x000001cf91ac67d8, RCX=0x000001cf92b9b0a0, RDX=0x0000000000000000
RSP=0x00000034b31fe8e0, RBP=0x0000000000000000, RSI=0x000001cf91e06d20, RDI=0x000001cf91e06d28
R8 =0x0000000000000042, R9 =0x0000000800b83bb0, R10=0x0000000000008000, R11=0x00000034b31fe8e0
R12=0x0000000000000000, R13=0x000001cf91241408, R14=0x000001cf92b9b0a0, R15=0x000001cf929d0680
RIP=0x00007fff628302ae, EFLAGS=0x0000000000010202

Top of Stack: (sp=0x00000034b31fe8e0)
0x00000034b31fe8e0:   000001cf929d0680 000001cf92b9b0a0
0x00000034b31fe8f0:   000001cf92b9b0a0 000001cf91e06d28
0x00000034b31fe900:   000001cf91e06d28 00007fff62835175
0x00000034b31fe910:   000001cf91ac67d8 000001cf91ac67d8
0x00000034b31fe920:   0000000000000000 000001cf91e06d20
0x00000034b31fe930:   000001cf91ac64b0 00000034b31fea68
0x00000034b31fe940:   000001cf929d0680 00007fff6286d191
0x00000034b31fe950:   00007fff628d8ff8 00000034b31fea40
0x00000034b31fe960:   00007fff62835048 000001cf91ac64b0
0x00000034b31fe970:   000001cf91e06d20 00007fff6283630e
0x00000034b31fe980:   000001cf91e06d28 00000034b31fea60
0x00000034b31fe990:   00000034b31fea60 00007fff628d8ff8
0x00000034b31fe9a0:   0000000000000180 000001cf8000fd2c
0x00000034b31fe9b0:   000001cf91241408 000001cf93a04b80
0x00000034b31fe9c0:   0000000000000180 000001cf8000f912
0x00000034b31fe9d0:   000001cf91241408 000001cf93a04b80 

Instructions: (pc=0x00007fff628302ae)
0x00007fff628301ae:   00 48 8b d9 e8 9d dc ff ff 48 8b f8 48 85 c0 75
0x00007fff628301be:   04 48 8b 7b 48 48 8b cf e8 3f 04 05 00 48 8b d8
0x00007fff628301ce:   48 85 c0 74 60 83 64 24 20 00 0f 57 c0 83 64 24
0x00007fff628301de:   34 00 b9 11 00 00 00 83 64 24 38 00 f3 0f 7f 44
0x00007fff628301ee:   24 24 ff 15 12 51 0a 00 4c 8d 44 24 40 ba 5c 00
0x00007fff628301fe:   00 00 48 8b c8 ff 15 b7 53 0a 00 83 f8 5c 75 0d
0x00007fff6283020e:   48 8d 54 24 40 48 8b cb e8 9e 04 05 00 48 8d 54
0x00007fff6283021e:   24 20 48 8b cb e8 b5 04 05 00 48 8b d3 48 8b cf
0x00007fff6283022e:   e8 62 04 05 00 48 8b 8c 24 a0 00 00 00 48 33 cc
0x00007fff6283023e:   e8 ad 11 05 00 48 8b 9c 24 c8 00 00 00 48 81 c4
0x00007fff6283024e:   b0 00 00 00 5f c3 40 53 48 83 ec 20 48 8b d9 ff
0x00007fff6283025e:   15 f5 58 0a 00 48 85 c0 75 0a 48 8b 4b 48 ff 15
0x00007fff6283026e:   de 58 0a 00 48 83 c4 20 5b c3 4c 63 c2 48 8b 15
0x00007fff6283027e:   c6 3c 0a 00 48 ff 25 6f 57 0a 00 cc cc cc 48 8b
0x00007fff6283028e:   d1 48 8b 0d 9a 6c 0a 00 48 89 15 93 6c 0a 00 e9
0x00007fff6283029e:   8a 51 04 00 cc cc 48 89 5c 24 08 57 48 83 ec 20
0x00007fff628302ae:   83 7a 58 00 48 8b da 48 8b f9 7d 08 48 8b ca e8
0x00007fff628302be:   f2 8b 01 00 4c 8b 43 48 45 33 c9 48 8b 4f 48 4d
0x00007fff628302ce:   8b 00 41 8d 51 30 ff 15 e6 59 0a 00 48 8b 4f 48
0x00007fff628302de:   33 d2 44 8d 42 01 48 8b 5c 24 30 48 83 c4 20 5f
0x00007fff628302ee:   48 ff 25 83 58 0a 00 cc cc cc 48 8b c4 48 89 58
0x00007fff628302fe:   08 48 89 68 10 48 89 70 18 48 89 78 20 41 56 48
0x00007fff6283030e:   83 ec 20 4c 8b f2 48 8b f9 48 8b 0d da 8a 0a 00
0x00007fff6283031e:   ba 02 00 01 00 41 8b e8 e8 c8 0f 05 00 48 8b 97
0x00007fff6283032e:   c0 00 00 00 33 db 48 8b f0 48 85 d2 74 0d 4c 8b
0x00007fff6283033e:   08 48 8b c8 41 ff 91 b0 00 00 00 4d 85 f6 74 14
0x00007fff6283034e:   48 8b 06 49 8b d6 48 8b ce ff 90 a8 00 00 00 48
0x00007fff6283035e:   8b d8 eb 05 bd 01 00 00 00 48 89 9f c0 00 00 00
0x00007fff6283036e:   89 af c8 00 00 00 48 8b 5c 24 30 48 8b 6c 24 38
0x00007fff6283037e:   48 8b 74 24 40 48 8b 7c 24 48 48 83 c4 20 41 5e
0x00007fff6283038e:   c3 cc 48 89 5c 24 08 48 89 6c 24 10 48 89 74 24
0x00007fff6283039e:   18 57 48 83 ec 20 33 db 48 8b f9 48 85 c9 75 09 


Stack slot to memory mapping:
stack at sp + 0 slots: 0x000001cf929d0680 points into unknown readable memory: 0x000001cf91e06d20 | 20 6d e0 91 cf 01 00 00
stack at sp + 1 slots: 0x000001cf92b9b0a0 points into unknown readable memory: 0x00007fff628a17f0 | f0 17 8a 62 ff 7f 00 00
stack at sp + 2 slots: 0x000001cf92b9b0a0 points into unknown readable memory: 0x00007fff628a17f0 | f0 17 8a 62 ff 7f 00 00
stack at sp + 3 slots: 0x000001cf91e06d28 is a global jni handle
stack at sp + 4 slots: 0x000001cf91e06d28 is a global jni handle
stack at sp + 5 slots: 0x00007fff62835175 awt.dll
stack at sp + 6 slots: 0x000001cf91ac67d8 points into unknown readable memory: 0x00007fff31adde40 | 40 de ad 31 ff 7f 00 00
stack at sp + 7 slots: 0x000001cf91ac67d8 points into unknown readable memory: 0x00007fff31adde40 | 40 de ad 31 ff 7f 00 00


---------------  P R O C E S S  ---------------

Threads class SMR info:
_java_thread_list=0x000001cf91f74130, length=20, elements={
0x000001cfed2deb00, 0x000001cfff8bd0f0, 0x000001cfff8bdbd0, 0x000001cfff8d8cf0,
0x000001cfff8db5c0, 0x000001cfff8dcf90, 0x000001cfff8ea250, 0x000001cfff8ec920,
0x000001cfff8f8f40, 0x000001cfffa10040, 0x000001cfffa359a0, 0x000001cf91c364b0,
0x000001cf91c36b40, 0x000001cf91c37010, 0x000001cf91ac64b0, 0x000001cf91b29840,
0x000001cf928f12b0, 0x000001cf91d2b890, 0x000001cf92a8cf90, 0x000001cf91d2bd60
}

Java Threads: ( => current thread )
  0x000001cfed2deb00 JavaThread "main" [_thread_blocked, id=3456, stack(0x00000034b1c00000,0x00000034b1d00000)]
  0x000001cfff8bd0f0 JavaThread "Reference Handler" daemon [_thread_blocked, id=10348, stack(0x00000034b2300000,0x00000034b2400000)]
  0x000001cfff8bdbd0 JavaThread "Finalizer" daemon [_thread_blocked, id=16868, stack(0x00000034b2400000,0x00000034b2500000)]
  0x000001cfff8d8cf0 JavaThread "Signal Dispatcher" daemon [_thread_blocked, id=10768, stack(0x00000034b2500000,0x00000034b2600000)]
  0x000001cfff8db5c0 JavaThread "Attach Listener" daemon [_thread_blocked, id=25916, stack(0x00000034b2600000,0x00000034b2700000)]
  0x000001cfff8dcf90 JavaThread "Service Thread" daemon [_thread_blocked, id=5416, stack(0x00000034b2700000,0x00000034b2800000)]
  0x000001cfff8ea250 JavaThread "C2 CompilerThread0" daemon [_thread_in_native, id=6760, stack(0x00000034b2800000,0x00000034b2900000)]
  0x000001cfff8ec920 JavaThread "C1 CompilerThread0" daemon [_thread_blocked, id=4720, stack(0x00000034b2900000,0x00000034b2a00000)]
  0x000001cfff8f8f40 JavaThread "Sweeper thread" daemon [_thread_blocked, id=11820, stack(0x00000034b2a00000,0x00000034b2b00000)]
  0x000001cfffa10040 JavaThread "Notification Thread" daemon [_thread_blocked, id=16912, stack(0x00000034b2b00000,0x00000034b2c00000)]
  0x000001cfffa359a0 JavaThread "Common-Cleaner" daemon [_thread_blocked, id=13520, stack(0x00000034b2d00000,0x00000034b2e00000)]
  0x000001cf91c364b0 JavaThread "Java2D Disposer" daemon [_thread_blocked, id=19052, stack(0x00000034b2e00000,0x00000034b2f00000)]
  0x000001cf91c36b40 JavaThread "AWT-Shutdown" [_thread_blocked, id=22988, stack(0x00000034b2f00000,0x00000034b3000000)]
  0x000001cf91c37010 JavaThread "AWT-Windows" daemon [_thread_in_native, id=18520, stack(0x00000034b3000000,0x00000034b3100000)]
=>0x000001cf91ac64b0 JavaThread "AWT-EventQueue-0" [_thread_in_native, id=21808, stack(0x00000034b3100000,0x00000034b3200000)]
  0x000001cf91b29840 JavaThread "C2 CompilerThread1" daemon [_thread_in_native, id=21408, stack(0x00000034b3200000,0x00000034b3300000)]
  0x000001cf928f12b0 JavaThread "Image Fetcher 3" daemon [_thread_blocked, id=18412, stack(0x00000034b3300000,0x00000034b3400000)]
  0x000001cf91d2b890 JavaThread "Thread-0" [_thread_in_native, id=7696, stack(0x00000034b3400000,0x00000034b3500000)]
  0x000001cf92a8cf90 JavaThread "C2 CompilerThread2" daemon [_thread_in_native, id=12788, stack(0x00000034b3e00000,0x00000034b3f00000)]
  0x000001cf91d2bd60 JavaThread "TimerQueue" daemon [_thread_blocked, id=14780, stack(0x00000034b3f00000,0x00000034b4000000)]

Other Threads:
  0x000001cfff8b9940 VMThread "VM Thread" [stack: 0x00000034b2200000,0x00000034b2300000] [id=15704]
  0x000001cfffa314e0 WatcherThread [stack: 0x00000034b2c00000,0x00000034b2d00000] [id=22716]
  0x000001cfed32eb70 GCTaskThread "GC Thread#0" [stack: 0x00000034b1d00000,0x00000034b1e00000] [id=17280]
  0x000001cf919c6da0 GCTaskThread "GC Thread#1" [stack: 0x00000034b3500000,0x00000034b3600000] [id=26580]
  0x000001cf919c7a60 GCTaskThread "GC Thread#2" [stack: 0x00000034b3600000,0x00000034b3700000] [id=23252]
  0x000001cf919ca3d0 GCTaskThread "GC Thread#3" [stack: 0x00000034b3700000,0x00000034b3800000] [id=15740]
  0x000001cf919c90b0 GCTaskThread "GC Thread#4" [stack: 0x00000034b3800000,0x00000034b3900000] [id=15948]
  0x000001cf919c6a70 GCTaskThread "GC Thread#5" [stack: 0x00000034b3900000,0x00000034b3a00000] [id=14532]
  0x000001cf919c93e0 GCTaskThread "GC Thread#6" [stack: 0x00000034b3a00000,0x00000034b3b00000] [id=16516]
  0x000001cf919c7d90 GCTaskThread "GC Thread#7" [stack: 0x00000034b3b00000,0x00000034b3c00000] [id=8892]
  0x000001cfed3430b0 ConcurrentGCThread "G1 Main Marker" [stack: 0x00000034b1e00000,0x00000034b1f00000] [id=15016]
  0x000001cfed343bb0 ConcurrentGCThread "G1 Conc#0" [stack: 0x00000034b1f00000,0x00000034b2000000] [id=16524]
  0x000001cfff7320d0 ConcurrentGCThread "G1 Refine#0" [stack: 0x00000034b2000000,0x00000034b2100000] [id=6764]
  0x000001cf91f76510 ConcurrentGCThread "G1 Refine#1" [stack: 0x00000034b3c00000,0x00000034b3d00000] [id=20132]
  0x000001cf928f0bc0 ConcurrentGCThread "G1 Refine#2" [stack: 0x00000034b3d00000,0x00000034b3e00000] [id=8532]
  0x000001cfff732be0 ConcurrentGCThread "G1 Young RemSet Sampling" [stack: 0x00000034b2100000,0x00000034b2200000] [id=25696]

Threads with active compile tasks:
C2 CompilerThread0     1435 1864       4       javax.swing.text.Utilities::getTabbedTextWidth (363 bytes)
C2 CompilerThread1     1435 1821       4       javax.swing.text.html.StyleSheet$ViewAttributeSet::getAttribute (61 bytes)
C2 CompilerThread2     1435 1822       4       javax.swing.text.html.StyleSheet$ViewAttributeSet::doGetAttribute (53 bytes)

VM state: not at safepoint (normal execution)

VM Mutex/Monitor currently owned by a thread: None

Heap address: 0x0000000703e00000, size: 4034 MB, Compressed Oops mode: Zero based, Oop shift amount: 3
CDS archive(s) mapped at: [0x0000000800000000-0x0000000800b50000-0x0000000800b50000), size 11862016, SharedBaseAddress: 0x0000000800000000, ArchiveRelocationMode: 0.
Compressed class space mapped at: 0x0000000800b50000-0x0000000840b50000, size: 1073741824
Narrow klass base: 0x0000000800000000, Narrow klass shift: 3, Narrow klass range: 0x100000000

GC Precious Log:
 CPUs: 8 total, 8 available
 Memory: 16131M
 Large Page Support: Disabled
 NUMA Support: Disabled
 Compressed Oops: Enabled (Zero based)
 Heap Region Size: 2M
 Heap Min Capacity: 8M
 Heap Initial Capacity: 254M
 Heap Max Capacity: 4034M
 Pre-touch: Disabled
 Parallel Workers: 8
 Concurrent Workers: 2
 Concurrent Refinement Workers: 8
 Periodic GC: Disabled

Heap:
 garbage-first heap   total 260096K, used 15340K [0x0000000703e00000, 0x0000000800000000)
  region size 2048K, 8 young (16384K), 2 survivors (4096K)
 Metaspace       used 11395K, capacity 11702K, committed 11904K, reserved 1060864K
  class space    used 1242K, capacity 1310K, committed 1408K, reserved 1048576K

Heap Regions: E=young(eden), S=young(survivor), O=old, HS=humongous(starts), HC=humongous(continues), CS=collection set, F=free, OA=open archive, CA=closed archive, TAMS=top-at-mark-start (previous, next)
|   0|0x0000000703e00000, 0x0000000704000000, 0x0000000704000000|100%| O|  |TAMS 0x0000000703e00000, 0x0000000703e00000| Untracked 
|   1|0x0000000704000000, 0x00000007040fb000, 0x0000000704200000| 49%| O|  |TAMS 0x0000000704000000, 0x0000000704000000| Untracked 
|   2|0x0000000704200000, 0x0000000704200000, 0x0000000704400000|  0%| F|  |TAMS 0x0000000704200000, 0x0000000704200000| Untracked 
|   3|0x0000000704400000, 0x0000000704400000, 0x0000000704600000|  0%| F|  |TAMS 0x0000000704400000, 0x0000000704400000| Untracked 
|   4|0x0000000704600000, 0x0000000704600000, 0x0000000704800000|  0%| F|  |TAMS 0x0000000704600000, 0x0000000704600000| Untracked 
|   5|0x0000000704800000, 0x0000000704800000, 0x0000000704a00000|  0%| F|  |TAMS 0x0000000704800000, 0x0000000704800000| Untracked 
|   6|0x0000000704a00000, 0x0000000704a00000, 0x0000000704c00000|  0%| F|  |TAMS 0x0000000704a00000, 0x0000000704a00000| Untracked 
|   7|0x0000000704c00000, 0x0000000704c00000, 0x0000000704e00000|  0%| F|  |TAMS 0x0000000704c00000, 0x0000000704c00000| Untracked 
|   8|0x0000000704e00000, 0x0000000704e00000, 0x0000000705000000|  0%| F|  |TAMS 0x0000000704e00000, 0x0000000704e00000| Untracked 
|   9|0x0000000705000000, 0x0000000705000000, 0x0000000705200000|  0%| F|  |TAMS 0x0000000705000000, 0x0000000705000000| Untracked 
|  10|0x0000000705200000, 0x0000000705200000, 0x0000000705400000|  0%| F|  |TAMS 0x0000000705200000, 0x0000000705200000| Untracked 
|  11|0x0000000705400000, 0x0000000705400000, 0x0000000705600000|  0%| F|  |TAMS 0x0000000705400000, 0x0000000705400000| Untracked 
|  12|0x0000000705600000, 0x0000000705600000, 0x0000000705800000|  0%| F|  |TAMS 0x0000000705600000, 0x0000000705600000| Untracked 
|  13|0x0000000705800000, 0x0000000705800000, 0x0000000705a00000|  0%| F|  |TAMS 0x0000000705800000, 0x0000000705800000| Untracked 
|  14|0x0000000705a00000, 0x0000000705a00000, 0x0000000705c00000|  0%| F|  |TAMS 0x0000000705a00000, 0x0000000705a00000| Untracked 
|  15|0x0000000705c00000, 0x0000000705c00000, 0x0000000705e00000|  0%| F|  |TAMS 0x0000000705c00000, 0x0000000705c00000| Untracked 
|  16|0x0000000705e00000, 0x0000000705e00000, 0x0000000706000000|  0%| F|  |TAMS 0x0000000705e00000, 0x0000000705e00000| Untracked 
|  17|0x0000000706000000, 0x0000000706000000, 0x0000000706200000|  0%| F|  |TAMS 0x0000000706000000, 0x0000000706000000| Untracked 
|  18|0x0000000706200000, 0x0000000706200000, 0x0000000706400000|  0%| F|  |TAMS 0x0000000706200000, 0x0000000706200000| Untracked 
|  19|0x0000000706400000, 0x0000000706400000, 0x0000000706600000|  0%| F|  |TAMS 0x0000000706400000, 0x0000000706400000| Untracked 
|  20|0x0000000706600000, 0x0000000706600000, 0x0000000706800000|  0%| F|  |TAMS 0x0000000706600000, 0x0000000706600000| Untracked 
|  21|0x0000000706800000, 0x0000000706800000, 0x0000000706a00000|  0%| F|  |TAMS 0x0000000706800000, 0x0000000706800000| Untracked 
|  22|0x0000000706a00000, 0x0000000706a00000, 0x0000000706c00000|  0%| F|  |TAMS 0x0000000706a00000, 0x0000000706a00000| Untracked 
|  23|0x0000000706c00000, 0x0000000706c00000, 0x0000000706e00000|  0%| F|  |TAMS 0x0000000706c00000, 0x0000000706c00000| Untracked 
|  24|0x0000000706e00000, 0x0000000706e00000, 0x0000000707000000|  0%| F|  |TAMS 0x0000000706e00000, 0x0000000706e00000| Untracked 
|  25|0x0000000707000000, 0x0000000707000000, 0x0000000707200000|  0%| F|  |TAMS 0x0000000707000000, 0x0000000707000000| Untracked 
|  26|0x0000000707200000, 0x0000000707200000, 0x0000000707400000|  0%| F|  |TAMS 0x0000000707200000, 0x0000000707200000| Untracked 
|  27|0x0000000707400000, 0x0000000707400000, 0x0000000707600000|  0%| F|  |TAMS 0x0000000707400000, 0x0000000707400000| Untracked 
|  28|0x0000000707600000, 0x0000000707600000, 0x0000000707800000|  0%| F|  |TAMS 0x0000000707600000, 0x0000000707600000| Untracked 
|  29|0x0000000707800000, 0x0000000707800000, 0x0000000707a00000|  0%| F|  |TAMS 0x0000000707800000, 0x0000000707800000| Untracked 
|  30|0x0000000707a00000, 0x0000000707a00000, 0x0000000707c00000|  0%| F|  |TAMS 0x0000000707a00000, 0x0000000707a00000| Untracked 
|  31|0x0000000707c00000, 0x0000000707c00000, 0x0000000707e00000|  0%| F|  |TAMS 0x0000000707c00000, 0x0000000707c00000| Untracked 
|  32|0x0000000707e00000, 0x0000000707e00000, 0x0000000708000000|  0%| F|  |TAMS 0x0000000707e00000, 0x0000000707e00000| Untracked 
|  33|0x0000000708000000, 0x0000000708000000, 0x0000000708200000|  0%| F|  |TAMS 0x0000000708000000, 0x0000000708000000| Untracked 
|  34|0x0000000708200000, 0x0000000708200000, 0x0000000708400000|  0%| F|  |TAMS 0x0000000708200000, 0x0000000708200000| Untracked 
|  35|0x0000000708400000, 0x0000000708400000, 0x0000000708600000|  0%| F|  |TAMS 0x0000000708400000, 0x0000000708400000| Untracked 
|  36|0x0000000708600000, 0x0000000708600000, 0x0000000708800000|  0%| F|  |TAMS 0x0000000708600000, 0x0000000708600000| Untracked 
|  37|0x0000000708800000, 0x0000000708800000, 0x0000000708a00000|  0%| F|  |TAMS 0x0000000708800000, 0x0000000708800000| Untracked 
|  38|0x0000000708a00000, 0x0000000708a00000, 0x0000000708c00000|  0%| F|  |TAMS 0x0000000708a00000, 0x0000000708a00000| Untracked 
|  39|0x0000000708c00000, 0x0000000708c00000, 0x0000000708e00000|  0%| F|  |TAMS 0x0000000708c00000, 0x0000000708c00000| Untracked 
|  40|0x0000000708e00000, 0x0000000708e00000, 0x0000000709000000|  0%| F|  |TAMS 0x0000000708e00000, 0x0000000708e00000| Untracked 
|  41|0x0000000709000000, 0x0000000709000000, 0x0000000709200000|  0%| F|  |TAMS 0x0000000709000000, 0x0000000709000000| Untracked 
|  42|0x0000000709200000, 0x0000000709200000, 0x0000000709400000|  0%| F|  |TAMS 0x0000000709200000, 0x0000000709200000| Untracked 
|  43|0x0000000709400000, 0x0000000709400000, 0x0000000709600000|  0%| F|  |TAMS 0x0000000709400000, 0x0000000709400000| Untracked 
|  44|0x0000000709600000, 0x0000000709600000, 0x0000000709800000|  0%| F|  |TAMS 0x0000000709600000, 0x0000000709600000| Untracked 
|  45|0x0000000709800000, 0x0000000709800000, 0x0000000709a00000|  0%| F|  |TAMS 0x0000000709800000, 0x0000000709800000| Untracked 
|  46|0x0000000709a00000, 0x0000000709a00000, 0x0000000709c00000|  0%| F|  |TAMS 0x0000000709a00000, 0x0000000709a00000| Untracked 
|  47|0x0000000709c00000, 0x0000000709c00000, 0x0000000709e00000|  0%| F|  |TAMS 0x0000000709c00000, 0x0000000709c00000| Untracked 
|  48|0x0000000709e00000, 0x0000000709e00000, 0x000000070a000000|  0%| F|  |TAMS 0x0000000709e00000, 0x0000000709e00000| Untracked 
|  49|0x000000070a000000, 0x000000070a000000, 0x000000070a200000|  0%| F|  |TAMS 0x000000070a000000, 0x000000070a000000| Untracked 
|  50|0x000000070a200000, 0x000000070a200000, 0x000000070a400000|  0%| F|  |TAMS 0x000000070a200000, 0x000000070a200000| Untracked 
|  51|0x000000070a400000, 0x000000070a400000, 0x000000070a600000|  0%| F|  |TAMS 0x000000070a400000, 0x000000070a400000| Untracked 
|  52|0x000000070a600000, 0x000000070a600000, 0x000000070a800000|  0%| F|  |TAMS 0x000000070a600000, 0x000000070a600000| Untracked 
|  53|0x000000070a800000, 0x000000070a800000, 0x000000070aa00000|  0%| F|  |TAMS 0x000000070a800000, 0x000000070a800000| Untracked 
|  54|0x000000070aa00000, 0x000000070aa00000, 0x000000070ac00000|  0%| F|  |TAMS 0x000000070aa00000, 0x000000070aa00000| Untracked 
|  55|0x000000070ac00000, 0x000000070ac00000, 0x000000070ae00000|  0%| F|  |TAMS 0x000000070ac00000, 0x000000070ac00000| Untracked 
|  56|0x000000070ae00000, 0x000000070ae00000, 0x000000070b000000|  0%| F|  |TAMS 0x000000070ae00000, 0x000000070ae00000| Untracked 
|  57|0x000000070b000000, 0x000000070b000000, 0x000000070b200000|  0%| F|  |TAMS 0x000000070b000000, 0x000000070b000000| Untracked 
|  58|0x000000070b200000, 0x000000070b200000, 0x000000070b400000|  0%| F|  |TAMS 0x000000070b200000, 0x000000070b200000| Untracked 
|  59|0x000000070b400000, 0x000000070b400000, 0x000000070b600000|  0%| F|  |TAMS 0x000000070b400000, 0x000000070b400000| Untracked 
|  60|0x000000070b600000, 0x000000070b600000, 0x000000070b800000|  0%| F|  |TAMS 0x000000070b600000, 0x000000070b600000| Untracked 
|  61|0x000000070b800000, 0x000000070b800000, 0x000000070ba00000|  0%| F|  |TAMS 0x000000070b800000, 0x000000070b800000| Untracked 
|  62|0x000000070ba00000, 0x000000070ba00000, 0x000000070bc00000|  0%| F|  |TAMS 0x000000070ba00000, 0x000000070ba00000| Untracked 
|  63|0x000000070bc00000, 0x000000070bc00000, 0x000000070be00000|  0%| F|  |TAMS 0x000000070bc00000, 0x000000070bc00000| Untracked 
|  64|0x000000070be00000, 0x000000070be00000, 0x000000070c000000|  0%| F|  |TAMS 0x000000070be00000, 0x000000070be00000| Untracked 
|  65|0x000000070c000000, 0x000000070c000000, 0x000000070c200000|  0%| F|  |TAMS 0x000000070c000000, 0x000000070c000000| Untracked 
|  66|0x000000070c200000, 0x000000070c200000, 0x000000070c400000|  0%| F|  |TAMS 0x000000070c200000, 0x000000070c200000| Untracked 
|  67|0x000000070c400000, 0x000000070c400000, 0x000000070c600000|  0%| F|  |TAMS 0x000000070c400000, 0x000000070c400000| Untracked 
|  68|0x000000070c600000, 0x000000070c600000, 0x000000070c800000|  0%| F|  |TAMS 0x000000070c600000, 0x000000070c600000| Untracked 
|  69|0x000000070c800000, 0x000000070c800000, 0x000000070ca00000|  0%| F|  |TAMS 0x000000070c800000, 0x000000070c800000| Untracked 
|  70|0x000000070ca00000, 0x000000070ca00000, 0x000000070cc00000|  0%| F|  |TAMS 0x000000070ca00000, 0x000000070ca00000| Untracked 
|  71|0x000000070cc00000, 0x000000070cc00000, 0x000000070ce00000|  0%| F|  |TAMS 0x000000070cc00000, 0x000000070cc00000| Untracked 
|  72|0x000000070ce00000, 0x000000070ce00000, 0x000000070d000000|  0%| F|  |TAMS 0x000000070ce00000, 0x000000070ce00000| Untracked 
|  73|0x000000070d000000, 0x000000070d000000, 0x000000070d200000|  0%| F|  |TAMS 0x000000070d000000, 0x000000070d000000| Untracked 
|  74|0x000000070d200000, 0x000000070d200000, 0x000000070d400000|  0%| F|  |TAMS 0x000000070d200000, 0x000000070d200000| Untracked 
|  75|0x000000070d400000, 0x000000070d400000, 0x000000070d600000|  0%| F|  |TAMS 0x000000070d400000, 0x000000070d400000| Untracked 
|  76|0x000000070d600000, 0x000000070d600000, 0x000000070d800000|  0%| F|  |TAMS 0x000000070d600000, 0x000000070d600000| Untracked 
|  77|0x000000070d800000, 0x000000070d800000, 0x000000070da00000|  0%| F|  |TAMS 0x000000070d800000, 0x000000070d800000| Untracked 
|  78|0x000000070da00000, 0x000000070da00000, 0x000000070dc00000|  0%| F|  |TAMS 0x000000070da00000, 0x000000070da00000| Untracked 
|  79|0x000000070dc00000, 0x000000070dc00000, 0x000000070de00000|  0%| F|  |TAMS 0x000000070dc00000, 0x000000070dc00000| Untracked 
|  80|0x000000070de00000, 0x000000070de00000, 0x000000070e000000|  0%| F|  |TAMS 0x000000070de00000, 0x000000070de00000| Untracked 
|  81|0x000000070e000000, 0x000000070e000000, 0x000000070e200000|  0%| F|  |TAMS 0x000000070e000000, 0x000000070e000000| Untracked 
|  82|0x000000070e200000, 0x000000070e200000, 0x000000070e400000|  0%| F|  |TAMS 0x000000070e200000, 0x000000070e200000| Untracked 
|  83|0x000000070e400000, 0x000000070e400000, 0x000000070e600000|  0%| F|  |TAMS 0x000000070e400000, 0x000000070e400000| Untracked 
|  84|0x000000070e600000, 0x000000070e600000, 0x000000070e800000|  0%| F|  |TAMS 0x000000070e600000, 0x000000070e600000| Untracked 
|  85|0x000000070e800000, 0x000000070e800000, 0x000000070ea00000|  0%| F|  |TAMS 0x000000070e800000, 0x000000070e800000| Untracked 
|  86|0x000000070ea00000, 0x000000070ea00000, 0x000000070ec00000|  0%| F|  |TAMS 0x000000070ea00000, 0x000000070ea00000| Untracked 
|  87|0x000000070ec00000, 0x000000070ec00000, 0x000000070ee00000|  0%| F|  |TAMS 0x000000070ec00000, 0x000000070ec00000| Untracked 
|  88|0x000000070ee00000, 0x000000070ee00000, 0x000000070f000000|  0%| F|  |TAMS 0x000000070ee00000, 0x000000070ee00000| Untracked 
|  89|0x000000070f000000, 0x000000070f000000, 0x000000070f200000|  0%| F|  |TAMS 0x000000070f000000, 0x000000070f000000| Untracked 
|  90|0x000000070f200000, 0x000000070f200000, 0x000000070f400000|  0%| F|  |TAMS 0x000000070f200000, 0x000000070f200000| Untracked 
|  91|0x000000070f400000, 0x000000070f400000, 0x000000070f600000|  0%| F|  |TAMS 0x000000070f400000, 0x000000070f400000| Untracked 
|  92|0x000000070f600000, 0x000000070f600000, 0x000000070f800000|  0%| F|  |TAMS 0x000000070f600000, 0x000000070f600000| Untracked 
|  93|0x000000070f800000, 0x000000070f800000, 0x000000070fa00000|  0%| F|  |TAMS 0x000000070f800000, 0x000000070f800000| Untracked 
|  94|0x000000070fa00000, 0x000000070fa00000, 0x000000070fc00000|  0%| F|  |TAMS 0x000000070fa00000, 0x000000070fa00000| Untracked 
|  95|0x000000070fc00000, 0x000000070fc00000, 0x000000070fe00000|  0%| F|  |TAMS 0x000000070fc00000, 0x000000070fc00000| Untracked 
|  96|0x000000070fe00000, 0x000000070fe00000, 0x0000000710000000|  0%| F|  |TAMS 0x000000070fe00000, 0x000000070fe00000| Untracked 
|  97|0x0000000710000000, 0x0000000710000000, 0x0000000710200000|  0%| F|  |TAMS 0x0000000710000000, 0x0000000710000000| Untracked 
|  98|0x0000000710200000, 0x0000000710200000, 0x0000000710400000|  0%| F|  |TAMS 0x0000000710200000, 0x0000000710200000| Untracked 
|  99|0x0000000710400000, 0x0000000710400000, 0x0000000710600000|  0%| F|  |TAMS 0x0000000710400000, 0x0000000710400000| Untracked 
| 100|0x0000000710600000, 0x0000000710600000, 0x0000000710800000|  0%| F|  |TAMS 0x0000000710600000, 0x0000000710600000| Untracked 
| 101|0x0000000710800000, 0x0000000710800000, 0x0000000710a00000|  0%| F|  |TAMS 0x0000000710800000, 0x0000000710800000| Untracked 
| 102|0x0000000710a00000, 0x0000000710a00000, 0x0000000710c00000|  0%| F|  |TAMS 0x0000000710a00000, 0x0000000710a00000| Untracked 
| 103|0x0000000710c00000, 0x0000000710c00000, 0x0000000710e00000|  0%| F|  |TAMS 0x0000000710c00000, 0x0000000710c00000| Untracked 
| 104|0x0000000710e00000, 0x0000000710e00000, 0x0000000711000000|  0%| F|  |TAMS 0x0000000710e00000, 0x0000000710e00000| Untracked 
| 105|0x0000000711000000, 0x0000000711000000, 0x0000000711200000|  0%| F|  |TAMS 0x0000000711000000, 0x0000000711000000| Untracked 
| 106|0x0000000711200000, 0x0000000711200000, 0x0000000711400000|  0%| F|  |TAMS 0x0000000711200000, 0x0000000711200000| Untracked 
| 107|0x0000000711400000, 0x0000000711400000, 0x0000000711600000|  0%| F|  |TAMS 0x0000000711400000, 0x0000000711400000| Untracked 
| 108|0x0000000711600000, 0x0000000711600000, 0x0000000711800000|  0%| F|  |TAMS 0x0000000711600000, 0x0000000711600000| Untracked 
| 109|0x0000000711800000, 0x0000000711800000, 0x0000000711a00000|  0%| F|  |TAMS 0x0000000711800000, 0x0000000711800000| Untracked 
| 110|0x0000000711a00000, 0x0000000711a00000, 0x0000000711c00000|  0%| F|  |TAMS 0x0000000711a00000, 0x0000000711a00000| Untracked 
| 111|0x0000000711c00000, 0x0000000711c00000, 0x0000000711e00000|  0%| F|  |TAMS 0x0000000711c00000, 0x0000000711c00000| Untracked 
| 112|0x0000000711e00000, 0x0000000711e00000, 0x0000000712000000|  0%| F|  |TAMS 0x0000000711e00000, 0x0000000711e00000| Untracked 
| 113|0x0000000712000000, 0x0000000712000000, 0x0000000712200000|  0%| F|  |TAMS 0x0000000712000000, 0x0000000712000000| Untracked 
| 114|0x0000000712200000, 0x0000000712400000, 0x0000000712400000|100%| S|CS|TAMS 0x0000000712200000, 0x0000000712200000| Complete 
| 115|0x0000000712400000, 0x0000000712600000, 0x0000000712600000|100%| S|CS|TAMS 0x0000000712400000, 0x0000000712400000| Complete 
| 116|0x0000000712600000, 0x0000000712600000, 0x0000000712800000|  0%| F|  |TAMS 0x0000000712600000, 0x0000000712600000| Untracked 
| 117|0x0000000712800000, 0x0000000712800000, 0x0000000712a00000|  0%| F|  |TAMS 0x0000000712800000, 0x0000000712800000| Untracked 
| 118|0x0000000712a00000, 0x0000000712a00000, 0x0000000712c00000|  0%| F|  |TAMS 0x0000000712a00000, 0x0000000712a00000| Untracked 
| 119|0x0000000712c00000, 0x0000000712c00000, 0x0000000712e00000|  0%| F|  |TAMS 0x0000000712c00000, 0x0000000712c00000| Untracked 
| 120|0x0000000712e00000, 0x0000000712e00000, 0x0000000713000000|  0%| F|  |TAMS 0x0000000712e00000, 0x0000000712e00000| Untracked 
| 121|0x0000000713000000, 0x0000000713200000, 0x0000000713200000|100%| E|  |TAMS 0x0000000713000000, 0x0000000713000000| Complete 
| 122|0x0000000713200000, 0x0000000713400000, 0x0000000713400000|100%| E|CS|TAMS 0x0000000713200000, 0x0000000713200000| Complete 
| 123|0x0000000713400000, 0x0000000713600000, 0x0000000713600000|100%| E|  |TAMS 0x0000000713400000, 0x0000000713400000| Complete 
| 124|0x0000000713600000, 0x0000000713800000, 0x0000000713800000|100%| E|CS|TAMS 0x0000000713600000, 0x0000000713600000| Complete 
| 125|0x0000000713800000, 0x0000000713a00000, 0x0000000713a00000|100%| E|CS|TAMS 0x0000000713800000, 0x0000000713800000| Complete 
| 126|0x0000000713a00000, 0x0000000713c00000, 0x0000000713c00000|100%| E|CS|TAMS 0x0000000713a00000, 0x0000000713a00000| Complete 

Card table byte_map: [0x000001cff6020000,0x000001cff6810000] _byte_map_base: 0x000001cff2801000

Marking Bits (Prev, Next): (CMBitMap*) 0x000001cfed331310, (CMBitMap*) 0x000001cfed331350
 Prev Bits: [0x000001cff7000000, 0x000001cffaf08000)
 Next Bits: [0x000001cffaf10000, 0x000001cffee18000)

Polling page: 0x000001cfeb280000

Metaspace:

Usage:
  Non-class:     10.15 MB capacity,     9.91 MB ( 98%) used,   221.87 KB (  2%) free+waste,    17.25 KB ( <1%) overhead. 
      Class:      1.28 MB capacity,     1.21 MB ( 95%) used,    60.14 KB (  5%) free+waste,     6.94 KB ( <1%) overhead. 
       Both:     11.43 MB capacity,    11.13 MB ( 97%) used,   282.01 KB (  2%) free+waste,    24.19 KB ( <1%) overhead. 

Virtual space:
  Non-class space:       12.00 MB reserved,      10.25 MB ( 85%) committed 
      Class space:        1.00 GB reserved,       1.38 MB ( <1%) committed 
             Both:        1.01 GB reserved,      11.63 MB (  1%) committed 

Chunk freelists:
   Non-Class:  40.00 KB
       Class:  2.00 KB
        Both:  42.00 KB

MaxMetaspaceSize: 17179869184.00 GB
CompressedClassSpaceSize: 1.00 GB

CodeHeap 'non-profiled nmethods': size=120000Kb used=677Kb max_used=677Kb free=119322Kb
 bounds [0x000001cf87ad0000, 0x000001cf87d40000, 0x000001cf8f000000]
CodeHeap 'profiled nmethods': size=120000Kb used=3364Kb max_used=3364Kb free=116635Kb
 bounds [0x000001cf805a0000, 0x000001cf808f0000, 0x000001cf87ad0000]
CodeHeap 'non-nmethods': size=5760Kb used=1306Kb max_used=1334Kb free=4453Kb
 bounds [0x000001cf80000000, 0x000001cf80270000, 0x000001cf805a0000]
 total_blobs=2509 nmethods=1907 adapters=514
 compilation: enabled
              stopped_count=0, restarted_count=0
 full_count=0

Compilation events (20 events):
Event: 1.372 Thread 0x000001cfff8ec920 1904       1       java.lang.reflect.Constructor::getDeclaringClass (5 bytes)
Event: 1.372 Thread 0x000001cfff8ec920 nmethod 1904 0x000001cf87b78010 code [0x000001cf87b781a0, 0x000001cf87b78258]
Event: 1.372 Thread 0x000001cfff8ec920 1905       1       java.lang.reflect.Constructor::getRoot (5 bytes)
Event: 1.372 Thread 0x000001cfff8ec920 nmethod 1905 0x000001cf87b78310 code [0x000001cf87b784a0, 0x000001cf87b78558]
Event: 1.373 Thread 0x000001cfff8ec920 1906       1       jdk.internal.reflect.DelegatingConstructorAccessorImpl::setDelegate (6 bytes)
Event: 1.373 Thread 0x000001cfff8ec920 nmethod 1906 0x000001cf87b78610 code [0x000001cf87b787a0, 0x000001cf87b788b8]
Event: 1.373 Thread 0x000001cfff8ec920 1907       1       jdk.internal.reflect.NativeConstructorAccessorImpl::setParent (6 bytes)
Event: 1.373 Thread 0x000001cfff8ec920 nmethod 1907 0x000001cf87b78910 code [0x000001cf87b78aa0, 0x000001cf87b78bb8]
Event: 1.375 Thread 0x000001cfff8ec920 1908       3       java.lang.invoke.MethodHandleNatives::refKindIsGetter (32 bytes)
Event: 1.376 Thread 0x000001cfff8ec920 nmethod 1908 0x000001cf808e4810 code [0x000001cf808e49a0, 0x000001cf808e4af8]
Event: 1.376 Thread 0x000001cfff8ec920 1909       3       java.util.Arrays::fill (28 bytes)
Event: 1.376 Thread 0x000001cfff8ec920 nmethod 1909 0x000001cf808e4b90 code [0x000001cf808e4d40, 0x000001cf808e50e8]
Event: 1.377 Thread 0x000001cfff8ec920 1910       3       jdk.internal.org.objectweb.asm.Type::getTypeInternal (199 bytes)
Event: 1.378 Thread 0x000001cfff8ec920 nmethod 1910 0x000001cf808e5290 code [0x000001cf808e5500, 0x000001cf808e62e8]
Event: 1.378 Thread 0x000001cfff8ec920 1912       3       jdk.internal.org.objectweb.asm.MethodWriter::visitFieldInsn (258 bytes)
Event: 1.380 Thread 0x000001cfff8ec920 nmethod 1912 0x000001cf808e6710 code [0x000001cf808e6960, 0x000001cf808e74c8]
Event: 1.380 Thread 0x000001cfff8ec920 1913       3       jdk.internal.org.objectweb.asm.SymbolTable::addConstantFieldref (10 bytes)
Event: 1.380 Thread 0x000001cfff8ec920 nmethod 1913 0x000001cf808e7890 code [0x000001cf808e7a40, 0x000001cf808e7b88]
Event: 1.380 Thread 0x000001cfff8ec920 1914       3       java.util.ArrayList::isEmpty (13 bytes)
Event: 1.380 Thread 0x000001cfff8ec920 nmethod 1914 0x000001cf808e7c10 code [0x000001cf808e7da0, 0x000001cf808e7ef8]

GC Heap History (2 events):
Event: 1.063 GC heap before
{Heap before GC invocations=0 (full 0):
 garbage-first heap   total 260096K, used 20480K [0x0000000703e00000, 0x0000000800000000)
  region size 2048K, 11 young (22528K), 0 survivors (0K)
 Metaspace       used 9473K, capacity 9700K, committed 9856K, reserved 1058816K
  class space    used 1027K, capacity 1071K, committed 1152K, reserved 1048576K
}
Event: 1.069 GC heap after
{Heap after GC invocations=1 (full 0):
 garbage-first heap   total 260096K, used 7148K [0x0000000703e00000, 0x0000000800000000)
  region size 2048K, 2 young (4096K), 2 survivors (4096K)
 Metaspace       used 9473K, capacity 9700K, committed 9856K, reserved 1058816K
  class space    used 1027K, capacity 1071K, committed 1152K, reserved 1048576K
}

Deoptimization events (20 events):
Event: 1.275 Thread 0x000001cf91ac64b0 Uncommon trap: trap_request=0xffffff45 fr.pc=0x000001cf87b633c0 relative=0x0000000000002120
Event: 1.275 Thread 0x000001cf91ac64b0 Uncommon trap: reason=unstable_if action=reinterpret pc=0x000001cf87b633c0 method=java.awt.font.FontRenderContext.hashCode()I @ 4 c2
Event: 1.275 Thread 0x000001cf91ac64b0 DEOPT PACKING pc=0x000001cf87b633c0 sp=0x00000034b31fdbc0
Event: 1.275 Thread 0x000001cf91ac64b0 DEOPT UNPACKING pc=0x000001cf8004e42f sp=0x00000034b31fd990 mode 2
Event: 1.297 Thread 0x000001cf91ac64b0 Uncommon trap: trap_request=0xffffff45 fr.pc=0x000001cf87b6c964 relative=0x0000000000002084
Event: 1.297 Thread 0x000001cf91ac64b0 Uncommon trap: reason=unstable_if action=reinterpret pc=0x000001cf87b6c964 method=java.awt.font.FontRenderContext.hashCode()I @ 4 c2
Event: 1.297 Thread 0x000001cf91ac64b0 DEOPT PACKING pc=0x000001cf87b6c964 sp=0x00000034b31fdb60
Event: 1.297 Thread 0x000001cf91ac64b0 DEOPT UNPACKING pc=0x000001cf8004e42f sp=0x00000034b31fd9a8 mode 2
Event: 1.355 Thread 0x000001cf91c37010 Uncommon trap: trap_request=0xffffffde fr.pc=0x000001cf87b52714 relative=0x0000000000000b14
Event: 1.355 Thread 0x000001cf91c37010 Uncommon trap: reason=class_check action=maybe_recompile pc=0x000001cf87b52714 method=java.util.HashMap.putVal(ILjava/lang/Object;Ljava/lang/Object;ZZ)Ljava/lang/Object; @ 203 c2
Event: 1.355 Thread 0x000001cf91c37010 DEOPT PACKING pc=0x000001cf87b52714 sp=0x00000034b30fe050
Event: 1.355 Thread 0x000001cf91c37010 DEOPT UNPACKING pc=0x000001cf8004e42f sp=0x00000034b30fdff0 mode 2
Event: 1.355 Thread 0x000001cf91c37010 Uncommon trap: trap_request=0xffffffde fr.pc=0x000001cf87b52738 relative=0x0000000000000b38
Event: 1.355 Thread 0x000001cf91c37010 Uncommon trap: reason=class_check action=maybe_recompile pc=0x000001cf87b52738 method=java.util.HashMap.putVal(ILjava/lang/Object;Ljava/lang/Object;ZZ)Ljava/lang/Object; @ 91 c2
Event: 1.355 Thread 0x000001cf91c37010 DEOPT PACKING pc=0x000001cf87b52738 sp=0x00000034b30fe050
Event: 1.355 Thread 0x000001cf91c37010 DEOPT UNPACKING pc=0x000001cf8004e42f sp=0x00000034b30fdff0 mode 2
Event: 1.355 Thread 0x000001cf91c37010 Uncommon trap: trap_request=0xffffffde fr.pc=0x000001cf87b52714 relative=0x0000000000000b14
Event: 1.355 Thread 0x000001cf91c37010 Uncommon trap: reason=class_check action=maybe_recompile pc=0x000001cf87b52714 method=java.util.HashMap.putVal(ILjava/lang/Object;Ljava/lang/Object;ZZ)Ljava/lang/Object; @ 203 c2
Event: 1.355 Thread 0x000001cf91c37010 DEOPT PACKING pc=0x000001cf87b52714 sp=0x00000034b30fe050
Event: 1.355 Thread 0x000001cf91c37010 DEOPT UNPACKING pc=0x000001cf8004e42f sp=0x00000034b30fdff0 mode 2

Classes unloaded (0 events):
No events

Classes redefined (0 events):
No events

Internal exceptions (20 events):
Event: 0.564 Thread 0x000001cfed2deb00 Exception <a 'java/io/FileNotFoundException'{0x0000000712f3fb78}> (0x0000000712f3fb78) 
thrown [./open/src/hotspot/share/prims/jni.cpp, line 578]
Event: 0.565 Thread 0x000001cfed2deb00 Exception <a 'java/lang/NoSuchMethodError'{0x0000000712f40eb8}: 'java.lang.Object java.lang.invoke.DirectMethodHandle$Holder.invokeStatic(java.lang.Object)'> (0x0000000712f40eb8) 
thrown [./open/src/hotspot/share/interpreter/linkResolver.cpp, line 782]
Event: 0.571 Thread 0x000001cfed2deb00 Exception <a 'java/lang/NoSuchMethodError'{0x0000000712f49a48}: 'void java.lang.invoke.DirectMethodHandle$Holder.invokeSpecial(java.lang.Object, java.lang.Object, java.lang.Object)'> (0x0000000712f49a48) 
thrown [./open/src/hotspot/share/interpreter/linkResolver.cpp, line 782]
Event: 0.602 Thread 0x000001cfed2deb00 Exception <a 'java/lang/NoSuchMethodError'{0x0000000712f838d8}: 'java.lang.Object java.lang.invoke.DirectMethodHandle$Holder.invokeStaticInit(java.lang.Object)'> (0x0000000712f838d8) 
thrown [./open/src/hotspot/share/interpreter/linkResolver.cpp, line 782]
Event: 0.657 Thread 0x000001cf91ac64b0 Exception <a 'java/lang/NoSuchMethodError'{0x0000000712c4a610}: 'void java.lang.invoke.DirectMethodHandle$Holder.invokeStaticInit(java.lang.Object)'> (0x0000000712c4a610) 
thrown [./open/src/hotspot/share/interpreter/linkResolver.cpp, line 782]
Event: 0.662 Thread 0x000001cf91ac64b0 Exception <a 'java/lang/NoSuchMethodError'{0x0000000712c6ef80}: 'java.lang.Object java.lang.invoke.DirectMethodHandle$Holder.newInvokeSpecial(java.lang.Object, java.lang.Object, java.lang.Object, java.lang.Object, java.lang.Object)'> (0x0000000712c6ef80) 
thrown [./open/src/hotspot/share/interpreter/linkResolver.cpp, line 782]
Event: 0.664 Thread 0x000001cf91ac64b0 Exception <a 'java/lang/NoSuchMethodError'{0x0000000712cfb6d8}: 'java.lang.Object java.lang.invoke.DirectMethodHandle$Holder.invokeStatic(java.lang.Object, int, java.lang.Object, java.lang.Object, java.lang.Object, java.lang.Object)'> (0x0000000712cfb6d8) 
thrown [./open/src/hotspot/share/interpreter/linkResolver.cpp, line 782]
Event: 0.668 Thread 0x000001cf91ac64b0 Exception <a 'java/lang/NoSuchMethodError'{0x0000000712d21980}: 'java.lang.Object java.lang.invoke.DirectMethodHandle$Holder.invokeStatic(java.lang.Object, int, java.lang.Object)'> (0x0000000712d21980) 
thrown [./open/src/hotspot/share/interpreter/linkResolver.cpp, line 782]
Event: 0.684 Thread 0x000001cf91ac64b0 Exception <a 'java/lang/ClassNotFoundException'{0x0000000712da42d0}: com/sun/java/swing/plaf/windows/resources/spi/windowsProvider> (0x0000000712da42d0) 
thrown [./open/src/hotspot/share/classfile/systemDictionary.cpp, line 295]
Event: 0.685 Thread 0x000001cf91ac64b0 Exception <a 'java/lang/ClassNotFoundException'{0x0000000712da8ee0}: com/sun/swing/internal/plaf/basic/resources/spi/basicProvider> (0x0000000712da8ee0) 
thrown [./open/src/hotspot/share/classfile/systemDictionary.cpp, line 295]
Event: 0.713 Thread 0x000001cf91ac64b0 Exception <a 'java/io/FileNotFoundException'{0x0000000712de1c60}> (0x0000000712de1c60) 
thrown [./open/src/hotspot/share/prims/jni.cpp, line 578]
Event: 1.026 Thread 0x000001cf928f12b0 Exception <a 'java/lang/NoSuchMethodError'{0x00000007127e4690}: 'java.lang.Object java.lang.invoke.DirectMethodHandle$Holder.newInvokeSpecial(java.lang.Object, java.lang.Object, java.lang.Object, int, int, int, int, int)'> (0x00000007127e4690) 
thrown [./open/src/hotspot/share/interpreter/linkResolver.cpp, line 782]
Event: 1.032 Thread 0x000001cf928f12b0 Exception <a 'java/lang/InterruptedException'{0x00000007127f1ad0}: sleep interrupted> (0x00000007127f1ad0) 
thrown [./open/src/hotspot/share/prims/jvm.cpp, line 3252]
Event: 1.079 Thread 0x000001cf91d2b890 Exception <a 'java/lang/NoSuchMethodError'{0x0000000713a88530}: 'void java.lang.invoke.DirectMethodHandle$Holder.invokeStatic(java.lang.Object, java.lang.Object)'> (0x0000000713a88530) 
thrown [./open/src/hotspot/share/interpreter/linkResolver.cpp, line 782]
Event: 1.080 Thread 0x000001cf91d2b890 Exception <a 'java/lang/NoSuchMethodError'{0x0000000713a8bf38}: 'void java.lang.invoke.DirectMethodHandle$Holder.invokeStaticInit(java.lang.Object, java.lang.Object)'> (0x0000000713a8bf38) 
thrown [./open/src/hotspot/share/interpreter/linkResolver.cpp, line 782]
Event: 1.086 Thread 0x000001cf91d2b890 Exception <a 'java/lang/NoSuchMethodError'{0x0000000713ab8db8}: 'java.lang.Object java.lang.invoke.DirectMethodHandle$Holder.invokeStaticInit(java.lang.Object, int, int, int, int)'> (0x0000000713ab8db8) 
thrown [./open/src/hotspot/share/interpreter/linkResolver.cpp, line 782]
Event: 1.165 Thread 0x000001cf91ac64b0 Implicit null exception at 0x000001cf87b4ef55 to 0x000001cf87b4f1f0
Event: 1.202 Thread 0x000001cf91d2b890 Exception <a 'java/lang/NoSuchMethodError'{0x0000000713b997c0}: 'java.lang.Object java.lang.invoke.DirectMethodHandle$Holder.invokeStaticInit(java.lang.Object, java.lang.Object, int, int, int, int)'> (0x0000000713b997c0) 
thrown [./open/src/hotspot/share/interpreter/linkResolver.cpp, line 782]
Event: 1.214 Thread 0x000001cf91d2b890 Exception <a 'java/lang/UnsatisfiedLinkError'{0x0000000713ba8e60}> (0x0000000713ba8e60) 
thrown [./open/src/hotspot/share/prims/jvm.cpp, line 3576]
Event: 1.214 Thread 0x000001cf91d2b890 Exception <a 'java/lang/UnsatisfiedLinkError'{0x0000000713ba8e60}> (0x0000000713ba8e60) 
thrown [./open/src/hotspot/share/prims/jni.cpp, line 578]

Events (20 events):
Event: 1.370 loading class sun/awt/NativeLibLoader$1
Event: 1.370 loading class sun/awt/NativeLibLoader$1 done
Event: 1.371 loading class sun/awt/FontConfiguration$2
Event: 1.371 loading class sun/awt/FontConfiguration$2 done
Event: 1.372 loading class sun/awt/windows/WDefaultFontCharset
Event: 1.372 loading class sun/awt/AWTCharset
Event: 1.372 loading class sun/awt/AWTCharset done
Event: 1.372 loading class sun/awt/windows/WDefaultFontCharset done
Event: 1.372 loading class sun/awt/windows/WDefaultFontCharset$Encoder
Event: 1.372 loading class sun/awt/AWTCharset$Encoder
Event: 1.372 loading class sun/awt/AWTCharset$Encoder done
Event: 1.372 loading class sun/awt/windows/WDefaultFontCharset$Encoder done
Event: 1.373 loading class sun/awt/windows/WingDings
Event: 1.374 loading class sun/awt/windows/WingDings done
Event: 1.374 loading class sun/awt/windows/WingDings$Encoder
Event: 1.374 loading class sun/awt/windows/WingDings$Encoder done
Event: 1.374 loading class sun/awt/Symbol
Event: 1.374 loading class sun/awt/Symbol done
Event: 1.374 loading class sun/awt/Symbol$Encoder
Event: 1.374 loading class sun/awt/Symbol$Encoder done


Dynamic libraries:
0x00007ff638e90000 - 0x00007ff638e9f000 	C:\Program Files\Java\jdk-15.0.1\bin\javaw.exe
0x00007fffa8940000 - 0x00007fffa8b30000 	C:\Windows\SYSTEM32\ntdll.dll
0x00007fffa73d0000 - 0x00007fffa7482000 	C:\Windows\System32\KERNEL32.DLL
0x00007fffa6330000 - 0x00007fffa65d5000 	C:\Windows\System32\KERNELBASE.dll
0x00007fffa67b0000 - 0x00007fffa68aa000 	C:\Windows\System32\ucrtbase.dll
0x00007fff959e0000 - 0x00007fff959f8000 	C:\Program Files\Java\jdk-15.0.1\bin\jli.dll
0x00007fff83af0000 - 0x00007fff83b09000 	C:\Program Files\Java\jdk-15.0.1\bin\VCRUNTIME140.dll
0x00007fffa71b0000 - 0x00007fffa7253000 	C:\Windows\System32\ADVAPI32.dll
0x00007fffa7490000 - 0x00007fffa752e000 	C:\Windows\System32\msvcrt.dll
0x00007fffa72d0000 - 0x00007fffa7367000 	C:\Windows\System32\sechost.dll
0x00007fffa7960000 - 0x00007fffa7a80000 	C:\Windows\System32\RPCRT4.dll
0x00007fffa7ca0000 - 0x00007fffa7e34000 	C:\Windows\System32\USER32.dll
0x00007fffa6780000 - 0x00007fffa67a1000 	C:\Windows\System32\win32u.dll
0x00007fffa75a0000 - 0x00007fffa75c6000 	C:\Windows\System32\GDI32.dll
0x00007fffa65e0000 - 0x00007fffa6776000 	C:\Windows\System32\gdi32full.dll
0x00007fff9cb70000 - 0x00007fff9cdf4000 	C:\Windows\WinSxS\amd64_microsoft.windows.common-controls_6595b64144ccf1df_6.0.18362.1139_none_9e7bf2d3e4605ac6\COMCTL32.dll
0x00007fffa6920000 - 0x00007fffa69be000 	C:\Windows\System32\msvcp_win.dll
0x00007fffa69f0000 - 0x00007fffa6d25000 	C:\Windows\System32\combase.dll
0x00007fffa5b30000 - 0x00007fffa5bb0000 	C:\Windows\System32\bcryptPrimitives.dll
0x00007fffa0e80000 - 0x00007fffa0e8a000 	C:\Windows\SYSTEM32\VERSION.dll
0x00007fffa7e70000 - 0x00007fffa7e9e000 	C:\Windows\System32\IMM32.DLL
0x00007fff99820000 - 0x00007fff9982c000 	C:\Program Files\Java\jdk-15.0.1\bin\vcruntime140_1.dll
0x00007fff80840000 - 0x00007fff808d1000 	C:\Program Files\Java\jdk-15.0.1\bin\msvcp140.dll
0x00007fff310e0000 - 0x00007fff31c3e000 	C:\Program Files\Java\jdk-15.0.1\bin\server\jvm.dll
0x00007fffa6d30000 - 0x00007fffa6d38000 	C:\Windows\System32\PSAPI.DLL
0x00007fff961f0000 - 0x00007fff96214000 	C:\Windows\SYSTEM32\WINMM.dll
0x00007fff88420000 - 0x00007fff88429000 	C:\Windows\SYSTEM32\WSOCK32.dll
0x00007fffa7530000 - 0x00007fffa759f000 	C:\Windows\System32\WS2_32.dll
0x00007fff961c0000 - 0x00007fff961ed000 	C:\Windows\SYSTEM32\WINMMBASE.dll
0x00007fffa68b0000 - 0x00007fffa68fa000 	C:\Windows\System32\cfgmgr32.dll
0x00007fffa5860000 - 0x00007fffa5871000 	C:\Windows\System32\kernel.appcore.dll
0x00007fff997c0000 - 0x00007fff997ca000 	C:\Program Files\Java\jdk-15.0.1\bin\jimage.dll
0x00007fff9bec0000 - 0x00007fff9c0b4000 	C:\Windows\SYSTEM32\DBGHELP.DLL
0x00007fff95f60000 - 0x00007fff95f8a000 	C:\Windows\SYSTEM32\dbgcore.DLL
0x00007fff83a70000 - 0x00007fff83a95000 	C:\Program Files\Java\jdk-15.0.1\bin\java.dll
0x00007fffa7f00000 - 0x00007fffa85e7000 	C:\Windows\System32\SHELL32.dll
0x00007fffa87a0000 - 0x00007fffa8849000 	C:\Windows\System32\shcore.dll
0x00007fffa5bb0000 - 0x00007fffa6330000 	C:\Windows\System32\windows.storage.dll
0x00007fffa5830000 - 0x00007fffa5853000 	C:\Windows\System32\profapi.dll
0x00007fffa5880000 - 0x00007fffa58ca000 	C:\Windows\System32\powrprof.dll
0x00007fffa5800000 - 0x00007fffa5810000 	C:\Windows\System32\UMPDC.dll
0x00007fffa8740000 - 0x00007fffa8792000 	C:\Windows\System32\shlwapi.dll
0x00007fffa6900000 - 0x00007fffa6917000 	C:\Windows\System32\cryptsp.dll
0x00007fff82500000 - 0x00007fff82519000 	C:\Program Files\Java\jdk-15.0.1\bin\net.dll
0x00007fff9ab40000 - 0x00007fff9ac30000 	C:\Windows\SYSTEM32\WINHTTP.dll
0x00007fffa4fa0000 - 0x00007fffa5007000 	C:\Windows\system32\mswsock.dll
0x00007fff821b0000 - 0x00007fff821c2000 	C:\Program Files\Java\jdk-15.0.1\bin\nio.dll
0x00007fff82190000 - 0x00007fff821a8000 	C:\Program Files\Java\jdk-15.0.1\bin\zip.dll
0x00007fff96280000 - 0x00007fff96290000 	C:\Program Files\Java\jdk-15.0.1\bin\verify.dll
0x00007fff627a0000 - 0x00007fff62920000 	C:\Program Files\Java\jdk-15.0.1\bin\awt.dll
0x00007fffa7bd0000 - 0x00007fffa7c95000 	C:\Windows\System32\OLEAUT32.dll
0x00007fffa39c0000 - 0x00007fffa3a4f000 	C:\Windows\SYSTEM32\apphelp.dll
0x00007fffa3b10000 - 0x00007fffa3ba9000 	C:\Windows\system32\uxtheme.dll
0x00007fffa7a90000 - 0x00007fffa7bc5000 	C:\Windows\System32\MSCTF.dll
0x00007fffa7800000 - 0x00007fffa7957000 	C:\Windows\System32\ole32.dll
0x00007fffa3f40000 - 0x00007fffa3f6d000 	C:\Windows\system32\DWMAPI.DLL
0x00007fff6c750000 - 0x00007fff6c7d5000 	C:\Program Files\Java\jdk-15.0.1\bin\freetype.dll
0x00007fff6a4f0000 - 0x00007fff6a599000 	C:\Program Files\Java\jdk-15.0.1\bin\fontmanager.dll
0x00007fff73340000 - 0x00007fff73496000 	C:\Windows\system32\opengl32.dll
0x00007fff732d0000 - 0x00007fff732fc000 	C:\Windows\SYSTEM32\GLU32.dll
0x00007fffa4410000 - 0x00007fffa4430000 	C:\Windows\SYSTEM32\dxcore.dll
0x00007fffa4b20000 - 0x00007fffa4b53000 	C:\Windows\system32\rsaenh.dll
0x00007fffa69c0000 - 0x00007fffa69e6000 	C:\Windows\System32\bcrypt.dll
0x00007fffa5720000 - 0x00007fffa5745000 	C:\Windows\SYSTEM32\USERENV.dll
0x00007fffa5120000 - 0x00007fffa512c000 	C:\Windows\SYSTEM32\CRYPTBASE.dll
0x00007fffa4cc0000 - 0x00007fffa4cfa000 	C:\Windows\SYSTEM32\IPHLPAPI.DLL
0x00007fffa7e40000 - 0x00007fffa7e48000 	C:\Windows\System32\NSI.dll
0x00007fffa0e60000 - 0x00007fffa0e76000 	C:\Windows\SYSTEM32\dhcpcsvc6.DLL
0x00007fffa0e40000 - 0x00007fffa0e5c000 	C:\Windows\SYSTEM32\dhcpcsvc.DLL
0x00007fffa4d00000 - 0x00007fffa4dcb000 	C:\Windows\SYSTEM32\DNSAPI.dll
0x0000000060d40000 - 0x0000000060d59000 	C:\Users\–M‹P\AppData\Local\Temp\lombok-1.18.12-WindowsDriveInfo-x86_64.dll

dbghelp: loaded successfully - version: 4.0.5 - missing functions: none
symbol engine: initialized successfully - sym options: 0x614 - pdb path: .;C:\Program Files\Java\jdk-15.0.1\bin;C:\Windows\SYSTEM32;C:\Windows\WinSxS\amd64_microsoft.windows.common-controls_6595b64144ccf1df_6.0.18362.1139_none_9e7bf2d3e4605ac6;C:\Program Files\Java\jdk-15.0.1\bin\server;C:\Users\–M‹P\AppData\Local\Te

VM Arguments:
jvm_args: -Dfile.encoding=UTF-8 
java_command: lombok.launch.Main
java_class_path (initial): C:\WeRunTest\rundataformini-master\backend\target\classes;C:\Users\–M‹P\.m2\repository\org\springframework\boot\spring-boot-starter-data-jpa\2.3.4.RELEASE\spring-boot-starter-data-jpa-2.3.4.RELEASE.jar;C:\Users\–M‹P\.m2\repository\org\springframework\boot\spring-boot-starter-aop\2.3.4.RELEASE\spring-boot-starter-aop-2.3.4.RELEASE.jar;C:\Users\–M‹P\.m2\repository\org\springframework\spring-aop\5.2.9.RELEASE\spring-aop-5.2.9.RELEASE.jar;C:\Users\–M‹P\.m2\repository\org\aspectj\aspectjweaver\1.9.6\aspectjweaver-1.9.6.jar;C:\Users\–M‹P\.m2\repository\org\springframework\boot\spring-boot-starter-jdbc\2.3.4.RELEASE\spring-boot-starter-jdbc-2.3.4.RELEASE.jar;C:\Users\–M‹P\.m2\repository\com\zaxxer\HikariCP\3.4.5\HikariCP-3.4.5.jar;C:\Users\–M‹P\.m2\repository\org\springframework\spring-jdbc\5.2.9.RELEASE\spring-jdbc-5.2.9.RELEASE.jar;C:\Users\–M‹P\.m2\repository\jakarta\transaction\jakarta.transaction-api\1.3.3\jakarta.transaction-api-1.3.3.jar;C:\Users\–M‹P\.m2\repository\jakarta\persistence\jakarta.persistence-api\2.2.3\jakarta.persistence-api-2.2.3.jar;C:\Users\–M‹P\.m2\repository\org\hibernate\hibernate-core\5.4.21.Final\hibernate-core-5.4.21.Final.jar;C:\Users\–M‹P\.m2\repository\org\jboss\logging\jboss-logging\3.4.1.Final\jboss-logging-3.4.1.Final.jar;C:\Users\–M‹P\.m2\repository\org\javassist\javassist\3.24.0-GA\javassist-3.24.0-GA.jar;C:\Users\–M‹P\.m2\repository\net\bytebuddy\byte-buddy\1.10.14\byte-buddy-1.10.14.jar;C:\Users\–M‹P\.m2\repository\antlr\antlr\2.7.7\antlr-2.7.7.jar;C:\Users\–M‹P\.m2\repository\org\jboss\jandex\2.1.3.Final\jandex-2.1.3.Final.jar;C:\Users\–M‹P\.m2\repository\com\fasterxml\classmate\1.5.1\classmate-1.5.1.jar;C:\Users\–M‹P\.m2\repository\org\dom4j\dom4j\2.1.3\dom4j-2.1.3.jar;C:\Users\–M‹P\.m2\repository\org\hibernate\common\hibernate-commons-annotations\5.1.0.Final\hibernate-commons-annotations-5.1.0.Final.jar;C:\Users\–M‹P\.m2\repository\org\glassfish\jaxb\jaxb-runtime\2.3.3\jaxb-runtime-2.3.3.jar;C:\Users\–
Launcher Type: SUN_STANDARD

[Global flags]
     intx CICompilerCount                          = 4                                         {product} {ergonomic}
     uint ConcGCThreads                            = 2                                         {product} {ergonomic}
     uint G1ConcRefinementThreads                  = 8                                         {product} {ergonomic}
   size_t G1HeapRegionSize                         = 2097152                                   {product} {ergonomic}
    uintx GCDrainStackTargetSize                   = 64                                        {product} {ergonomic}
   size_t InitialHeapSize                          = 266338304                                 {product} {ergonomic}
   size_t MarkStackSize                            = 4194304                                   {product} {ergonomic}
   size_t MaxHeapSize                              = 4229955584                                {product} {ergonomic}
   size_t MaxNewSize                               = 2537553920                                {product} {ergonomic}
   size_t MinHeapDeltaBytes                        = 2097152                                   {product} {ergonomic}
   size_t MinHeapSize                              = 8388608                                   {product} {ergonomic}
    uintx NonNMethodCodeHeapSize                   = 5839372                                {pd product} {ergonomic}
    uintx NonProfiledCodeHeapSize                  = 122909434                              {pd product} {ergonomic}
    uintx ProfiledCodeHeapSize                     = 122909434                              {pd product} {ergonomic}
    uintx ReservedCodeCacheSize                    = 251658240                              {pd product} {ergonomic}
     bool SegmentedCodeCache                       = true                                      {product} {ergonomic}
   size_t SoftMaxHeapSize                          = 4229955584                             {manageable} {ergonomic}
     bool UseCompressedClassPointers               = true                                 {lp64_product} {ergonomic}
     bool UseCompressedOops                        = true                                 {lp64_product} {ergonomic}
     bool UseG1GC                                  = true                                      {product} {ergonomic}
     bool UseLargePagesIndividualAllocation        = false                                  {pd product} {ergonomic}

Logging:
Log output configuration:
 #0: stdout all=warning uptime,level,tags
 #1: stderr all=off uptime,level,tags

Environment Variables:
JAVA_HOME=C:\Program Files\Java\jdk-15.0.1
CLASSPATH= .;C:\Program Files\Java\jdk-15.0.1\lib\dt.jar;C:\Program Files\Java\jdk-15.0.1\lib\tools.jar;
PATH=C:\Program Files\Common Files\Oracle\Java\javapath;C:\Python39\Scripts\;C:\Python39\;C:\Windows\system32;C:\Windows;C:\Windows\System32\Wbem;C:\Windows\System32\WindowsPowerShell\v1.0\;C:\Windows\System32\OpenSSH\;C:\Program Files\TortoiseGit\bin;C:\Program Files\Git\cmd;C:\Program Files\Intel\WiFi\bin\;C:\Program Files\Common Files\Intel\WirelessCommon\;C:\HashiCorp\Vagrant\bin;C:\Program Files\PuTTY\;C:\Program Files\Docker\Docker\resources\bin;C:\ProgramData\DockerDesktop\version-bin;C:\Program Files\nodejs\;C:\ProgramData\chocolatey\bin;C:\Users\–M‹P\AppData\Local\Microsoft\WindowsApps;C:\Users\–M‹P\AppData\Roaming\npm;C:\Program Files\Java\jdk-15.0.1\bin;C:\Program Files\Java\jdk-15.0.1\jre\bin;C:\Microsoft VS Code\bin
USERNAME=–M‹P
OS=Windows_NT
PROCESSOR_IDENTIFIER=Intel64 Family 6 Model 142 Stepping 12, GenuineIntel



---------------  S Y S T E M  ---------------

OS:
 Windows 10 , 64 bit Build 18362 (10.0.18362.1110)
OS uptime: 7 days 4:10 hours
HyperV virtualization detected

CPU: total 8 (initial active 8) (4 cores per cpu, 2 threads per core) family 6 model 142 stepping 12 microcode 0xd6, cmov, cx8, fxsr, mmx, sse, sse2, sse3, ssse3, sse4.1, sse4.2, popcnt, vzeroupper, avx, avx2, aes, clmul, erms, 3dnowpref, lzcnt, ht, tsc, tscinvbit, bmi1, bmi2, adx, fma, clflush, clflushopt

Memory: 4k page, system-wide physical 16131M (5225M free)
TotalPageFile size 27395M (AvailPageFile size 10332M)
current process WorkingSet (physical memory assigned to process): 121M, peak: 121M
current process commit charge ("private bytes"): 396M, peak: 396M

vm_info: Java HotSpot(TM) 64-Bit Server VM (15.0.1+9-18) for windows-amd64 JRE (15.0.1+9-18), built on Sep 15 2020 14:43:54 by "mach5one" with unknown MS VC++:1925

END.
